-------------------------------------------------------------------------------
Test set: com.test.rest.api.SerenityTest_SkyScanner
-------------------------------------------------------------------------------
Tests run: 2, Failures: 0, Errors: 2, Skipped: 0, Time elapsed: 4.046 s <<< FAILURE! - in com.test.rest.api.SerenityTest_SkyScanner
verifyThatUserCanPollSession_paramterized[0](com.test.rest.api.SerenityTest_SkyScanner)  Time elapsed: 4.046 s  <<< ERROR!
java.lang.NullPointerException
	at com.test.rest.api.SerenityTest_SkyScanner.verifyThatUserCanPollSession_paramterized(SerenityTest_SkyScanner.java:59)

verifyThatUserCanPollSession_paramterized[1](com.test.rest.api.SerenityTest_SkyScanner)  Time elapsed: 3.824 s  <<< ERROR!
java.lang.NullPointerException
	at com.test.rest.api.SerenityTest_SkyScanner.verifyThatUserCanPollSession_paramterized(SerenityTest_SkyScanner.java:59)

