-------------------------------------------------------------------------------
Test set: com.test.rest.api.SerenityTest_lat_long
-------------------------------------------------------------------------------
Tests run: 2, Failures: 2, Errors: 0, Skipped: 0, Time elapsed: 8.318 s <<< FAILURE! - in com.test.rest.api.SerenityTest_lat_long
verifyThatUserCanQueryCurrentWeatherWithLocation_paramterized[1](com.test.rest.api.SerenityTest_lat_long)  Time elapsed: 6.185 s  <<< FAILURE!
java.lang.AssertionError: 
1 expectation failed.
JSON path data[0].weather.description doesn't match.
Expected: is "Few clouds"
  Actual: Overcast clouds

	at com.test.rest.api.SerenityTest_lat_long.verifyThatUserCanQueryCurrentWeatherWithLocation_paramterized(SerenityTest_lat_long.java:42)

verifyThatUserCanQueryCurrentWeatherWithLocation_paramterized[0](com.test.rest.api.SerenityTest_lat_long)  Time elapsed: 8.25 s  <<< FAILURE!
java.lang.AssertionError: 
1 expectation failed.
JSON path data[0].weather.description doesn't match.
Expected: is "Few clouds"
  Actual: Overcast clouds

	at com.test.rest.api.SerenityTest_lat_long.verifyThatUserCanQueryCurrentWeatherWithLocation_paramterized(SerenityTest_lat_long.java:42)

