<?xml version="1.0" encoding="UTF-8"?>
<testsuite xmlns:xsi="http://www.w3.org/2001/XMLSchema-instance" xsi:noNamespaceSchemaLocation="https://maven.apache.org/surefire/maven-failsafe-plugin/xsd/failsafe-test-report.xsd" name="com.test.rest.api.SerenityTest_SkyScanner" time="4.046" tests="2" errors="2" skipped="0" failures="0">
  <properties>
[...]
</properties>
  <testcase name="verifyThatUserCanPollSession_paramterized[0]" classname="com.test.rest.api.SerenityTest_SkyScanner" time="4.046">
    <error type="java.lang.NullPointerException">java.lang.NullPointerException
	at com.test.rest.api.SerenityTest_SkyScanner.verifyThatUserCanPollSession_paramterized(SerenityTest_SkyScanner.java:59)
</error>
    <system-out><![CDATA[13:37:17.865 [main] DEBUG n.t.core.reports.ReportService - Reporting formats: [JSON, HTML]
13:37:18.008 [main] DEBUG n.t.core.reports.ReportService - Reporting formats: [JSON, HTML]
13:37:18.025 [main] DEBUG n.t.core.reports.ReportService - Reporting formats: [JSON, HTML]
13:37:18.027 [main] DEBUG n.t.core.reports.ReportService - Reporting formats: [JSON, HTML]
13:37:18.095 [pool-1-thread-1] INFO  n.t.c.steps.ConsoleLoggingListener - 

-------------------------------------------------------------------------------------
     _______. _______ .______       _______ .__   __.  __  .___________.____    ____ 
    /       ||   ____||   _  \     |   ____||  \ |  | |  | |           |\   \  /   / 
   |   (----`|  |__   |  |_)  |    |  |__   |   \|  | |  | `---|  |----` \   \/   /  
    \   \    |   __|  |      /     |   __|  |  . `  | |  |     |  |       \_    _/   
.----)   |   |  |____ |  |\  \----.|  |____ |  |\   | |  |     |  |         |  |     
|_______/    |_______|| _| `._____||_______||__| \__| |__|     |__|         |__|    
                                                                                     
 News and tutorials at http://www.serenity-bdd.info                                  
 Documentation at https://wakaleo.gitbooks.io/the-serenity-book/content/             
 Join the Serenity Community on Rocket Chat at https://serenity-bdd.rocket.chat      
 Serenity BDD Support and Training at http://serenity-bdd.info/#/trainingandsupport  
 Learn Serenity BDD online at http://serenity-dojo.com                               
-------------------------------------------------------------------------------------

13:37:22.085 [pool-1-thread-2] DEBUG n.t.core.requirements.RootDirectory - Resource directories found in /Users/ganeshranganathan/RestassureAPI in 1 ms: []
13:37:22.104 [pool-1-thread-2] ERROR n.t.c.steps.ConsoleLoggingListener - 
           __  _____ _____ ____ _____   _____ _    ___ _     _____ ____  
  _       / / |_   _| ____/ ___|_   _| |  ___/ \  |_ _| |   | ____|  _ \ 
 (_)_____| |    | | |  _| \___ \ | |   | |_ / _ \  | || |   |  _| | | | |
  _|_____| |    | | | |___ ___) || |   |  _/ ___ \ | || |___| |___| |_| |
 (_)     | |    |_| |_____|____/ |_|   |_|/_/   \_\___|_____|_____|____/ 
          \_\                                                            

TEST FAILED WITH ERROR: Verify that user can poll session paramterized
---------------------------------------------------------------------
13:37:22.107 [pool-1-thread-2] DEBUG n.t.c.steps.ConsoleLoggingListener - RELATED ISSUES: 
13:37:22.186 [pool-1-thread-2] ERROR n.t.c.steps.ConsoleLoggingListener - TEST FAILED AT STEP I try to search skyscanner with MEL-sky origin SYD-sky destination 2019-12-21 inbounddate 2019-12-02 outbounddate business cabinclass 2 adults
13:37:22.186 [pool-1-thread-2] ERROR n.t.c.steps.ConsoleLoggingListener - 
13:37:22.248 [pool-1-thread-1] ERROR n.t.c.steps.ConsoleLoggingListener - 
           __  _____ _____ ____ _____   _____ _    ___ _     _____ ____  
  _       / / |_   _| ____/ ___|_   _| |  ___/ \  |_ _| |   | ____|  _ \ 
 (_)_____| |    | | |  _| \___ \ | |   | |_ / _ \  | || |   |  _| | | | |
  _|_____| |    | | | |___ ___) || |   |  _/ ___ \ | || |___| |___| |_| |
 (_)     | |    |_| |_____|____/ |_|   |_|/_/   \_\___|_____|_____|____/ 
          \_\                                                            

TEST FAILED WITH ERROR: Verify that user can poll session paramterized
---------------------------------------------------------------------
13:37:22.248 [pool-1-thread-1] DEBUG n.t.c.steps.ConsoleLoggingListener - RELATED ISSUES: 
13:37:22.248 [pool-1-thread-1] ERROR n.t.c.steps.ConsoleLoggingListener - TEST FAILED AT STEP I try to search skyscanner with MEL-sky origin SYD-sky destination 2019-12-20 inbounddate 2019-12-01 outbounddate business cabinclass 1 adults
13:37:22.248 [pool-1-thread-1] ERROR n.t.c.steps.ConsoleLoggingListener - 
13:37:22.255 [main] DEBUG n.t.core.reports.ReportService - Reporting formats: [JSON, HTML]
13:37:22.256 [main] DEBUG n.t.core.reports.ReportService - Reporting formats: [JSON, HTML]
13:37:22.261 [main] DEBUG n.t.core.reports.ReportService - Generating reports for 1 test outcomes using: net.thucydides.core.reports.json.JSONTestOutcomeReporter@4b14918a
13:37:22.262 [pool-1-thread-1] DEBUG n.t.core.reports.ReportService - Processing test outcome Serenity test sky scanner:verifyThatUserCanPollSession_paramterized
13:37:22.262 [pool-1-thread-1] DEBUG n.t.core.reports.ReportService - net.thucydides.core.reports.json.JSONTestOutcomeReporter@4b14918a: Generating report for test outcome: Serenity test sky scanner:verifyThatUserCanPollSession_paramterized
13:37:22.268 [pool-1-thread-1] DEBUG n.t.c.r.json.JSONTestOutcomeReporter - Generating JSON report for Verify that user can poll session paramterized to file /Users/ganeshranganathan/RestassureAPI/target/site/serenity/254fe3d206e84afe17670c72043b5f2274ef58806405017199ffcc11fd4c7c90.json (using temp file /Users/ganeshranganathan/RestassureAPI/target/site/serenity/254fe3d206e84afe17670c72043b5f2274ef58806405017199ffcc11fd4c7c90.jsonfe9c83d3-69c9-45e5-9307-0ed60867dcaf)
13:37:22.304 [pool-1-thread-1] DEBUG n.t.core.reports.ReportService - Processing test outcome Serenity test sky scanner:verifyThatUserCanPollSession_paramterized done
13:37:22.305 [main] DEBUG n.t.core.reports.ReportService - Shutting down executor service
13:37:22.305 [main] DEBUG n.t.core.reports.ReportService - Reports generated in: 44 ms
13:37:22.305 [main] DEBUG n.t.core.reports.ReportService - Generating reports for 1 test outcomes using: net.thucydides.core.reports.html.HtmlAcceptanceTestReporter@6d1ef78d
13:37:22.305 [pool-2-thread-1] DEBUG n.t.core.reports.ReportService - Processing test outcome Serenity test sky scanner:verifyThatUserCanPollSession_paramterized
13:37:22.305 [pool-2-thread-1] DEBUG n.t.core.reports.ReportService - net.thucydides.core.reports.html.HtmlAcceptanceTestReporter@6d1ef78d: Generating report for test outcome: Serenity test sky scanner:verifyThatUserCanPollSession_paramterized
13:37:22.306 [pool-2-thread-1] DEBUG n.t.c.r.h.HtmlAcceptanceTestReporter - GENERATE TEST OUTCOME REPORT FOR verifyThatUserCanPollSession_paramterized in 254fe3d206e84afe17670c72043b5f2274ef58806405017199ffcc11fd4c7c90
13:37:22.309 [pool-2-thread-1] DEBUG n.t.c.r.RequirementsTagProvider -  found:[]
13:37:22.316 [pool-2-thread-1] DEBUG n.t.c.r.RequirementsTagProvider -  found:[]
13:37:22.405 [pool-2-thread-1] DEBUG n.t.c.r.h.HtmlAcceptanceTestReporter - GENERATING HTML REPORT FOR Serenity test sky scanner:verifyThatUserCanPollSession_paramterized in 254fe3d206e84afe17670c72043b5f2274ef58806405017199ffcc11fd4c7c90.html in directory target/site/serenity  
13:37:22.613 [pool-2-thread-1] DEBUG n.t.c.r.h.HtmlAcceptanceTestReporter - Generating report in 254fe3d206e84afe17670c72043b5f2274ef58806405017199ffcc11fd4c7c90.html
13:37:22.936 [pool-2-thread-1] DEBUG n.t.c.r.RequirementsTagProvider -  found:[]
13:37:22.985 [pool-2-thread-1] DEBUG n.t.c.r.h.HtmlAcceptanceTestReporter - Generated report 254fe3d206e84afe17670c72043b5f2274ef58806405017199ffcc11fd4c7c90.html in 373 ms
13:37:22.985 [pool-2-thread-1] DEBUG n.t.core.reports.ReportService - Processing test outcome Serenity test sky scanner:verifyThatUserCanPollSession_paramterized done
13:37:22.985 [main] DEBUG n.t.core.reports.ReportService - Shutting down executor service
13:37:22.985 [main] DEBUG n.t.core.reports.ReportService - Reports generated in: 680 ms
13:37:23.163 [main] DEBUG n.t.core.reports.ReportService - Generating report for configuration
13:37:18.199 [pool-1-thread-1] DEBUG n.thucydides.core.steps.StepEventBus - Test suite started for class com.test.rest.api.SerenityTest_SkyScanner
13:37:18.211 [pool-1-thread-1] INFO  n.t.c.steps.ConsoleLoggingListener - Test Suite Started: Serenity test sky scanner
13:37:18.239 [pool-1-thread-1] DEBUG n.t.core.requirements.RootDirectory - Resource directories found in  in 9 ms: []
13:37:18.243 [pool-1-thread-1] INFO  n.t.c.steps.ConsoleLoggingListener - 
 _____ _____ ____ _____   ____ _____  _    ____ _____ _____ ____  
|_   _| ____/ ___|_   _| / ___|_   _|/ \  |  _ \_   _| ____|  _ \ 
  | | |  _| \___ \ | |   \___ \ | | / _ \ | |_) || | |  _| | | | |
  | | | |___ ___) || |    ___) || |/ ___ \|  _ < | | | |___| |_| |
  |_| |_____|____/ |_|   |____/ |_/_/   \_\_| \_\|_| |_____|____/ 
                                                                  

TEST STARTED: verifyThatUserCanPollSession_paramterized[0]
-------------------------------------------------------------------
13:37:18.243 [pool-1-thread-1] INFO  net.serenitybdd.core.Serenity - TEST NUMBER: 1
13:37:18.290 [pool-1-thread-1] DEBUG n.t.core.steps.StepInterceptor - STARTING STEP: SerenityTest_SkyScanner.verifyThatUserCanPollSession_paramterized - I try to search skyscanner with {0} origin {1} destination {2} inbounddate {3} outbounddate  {4} cabinclass {5} adults 
13:37:20.764 [pool-1-thread-1] DEBUG o.a.h.i.c.BasicClientConnectionManager - Get connection for route {s}->https://skyscanner-skyscanner-flight-search-v1.p.rapidapi.com:443
13:37:20.790 [pool-1-thread-1] DEBUG o.a.h.i.c.DefaultClientConnectionOperator - Connecting to skyscanner-skyscanner-flight-search-v1.p.rapidapi.com:443
13:37:21.109 [pool-1-thread-1] DEBUG o.a.h.c.protocol.RequestAddCookies - CookieSpec selected: ignoreCookies
13:37:21.111 [pool-1-thread-1] DEBUG o.a.h.c.protocol.RequestAuthCache - Auth cache not set in the context
13:37:21.111 [pool-1-thread-1] DEBUG o.a.h.c.p.RequestTargetAuthentication - Target auth state: UNCHALLENGED
13:37:21.111 [pool-1-thread-1] DEBUG o.a.h.c.p.RequestProxyAuthentication - Proxy auth state: UNCHALLENGED
13:37:21.111 [pool-1-thread-1] DEBUG o.a.h.impl.client.DefaultHttpClient - Attempt 1 to execute request
13:37:21.112 [pool-1-thread-1] DEBUG o.a.h.i.conn.DefaultClientConnection - Sending request: POST /apiservices/pricing/v1.0 HTTP/1.1
13:37:21.112 [pool-1-thread-1] DEBUG org.apache.http.wire -  >> "POST /apiservices/pricing/v1.0 HTTP/1.1[\r][\n]"
13:37:21.113 [pool-1-thread-1] DEBUG org.apache.http.wire -  >> "Accept: */*[\r][\n]"
13:37:21.113 [pool-1-thread-1] DEBUG org.apache.http.wire -  >> "x-rapidapi-key: 1cf93091b1mshe1509d08adb1a40p13260ajsn8ef9df1068da[\r][\n]"
13:37:21.113 [pool-1-thread-1] DEBUG org.apache.http.wire -  >> "x-rapidapi-host: skyscanner-skyscanner-flight-search-v1.p.rapidapi.com[\r][\n]"
13:37:21.113 [pool-1-thread-1] DEBUG org.apache.http.wire -  >> "Content-Type: application/x-www-form-urlencoded; charset=UTF-8[\r][\n]"
13:37:21.113 [pool-1-thread-1] DEBUG org.apache.http.wire -  >> "Content-Length: 157[\r][\n]"
13:37:21.113 [pool-1-thread-1] DEBUG org.apache.http.wire -  >> "Host: skyscanner-skyscanner-flight-search-v1.p.rapidapi.com[\r][\n]"
13:37:21.113 [pool-1-thread-1] DEBUG org.apache.http.wire -  >> "Connection: Keep-Alive[\r][\n]"
13:37:21.113 [pool-1-thread-1] DEBUG org.apache.http.wire -  >> "User-Agent: Apache-HttpClient/4.5.5 (Java/1.8.0_211)[\r][\n]"
13:37:21.113 [pool-1-thread-1] DEBUG org.apache.http.wire -  >> "Accept-Encoding: gzip,deflate[\r][\n]"
13:37:21.113 [pool-1-thread-1] DEBUG org.apache.http.wire -  >> "[\r][\n]"
13:37:21.113 [pool-1-thread-1] DEBUG org.apache.http.headers - >> POST /apiservices/pricing/v1.0 HTTP/1.1
13:37:21.113 [pool-1-thread-1] DEBUG org.apache.http.headers - >> Accept: */*
13:37:21.113 [pool-1-thread-1] DEBUG org.apache.http.headers - >> x-rapidapi-key: 1cf93091b1mshe1509d08adb1a40p13260ajsn8ef9df1068da
13:37:21.113 [pool-1-thread-1] DEBUG org.apache.http.headers - >> x-rapidapi-host: skyscanner-skyscanner-flight-search-v1.p.rapidapi.com
13:37:21.113 [pool-1-thread-1] DEBUG org.apache.http.headers - >> Content-Type: application/x-www-form-urlencoded; charset=UTF-8
13:37:21.113 [pool-1-thread-1] DEBUG org.apache.http.headers - >> Content-Length: 157
13:37:21.113 [pool-1-thread-1] DEBUG org.apache.http.headers - >> Host: skyscanner-skyscanner-flight-search-v1.p.rapidapi.com
13:37:21.113 [pool-1-thread-1] DEBUG org.apache.http.headers - >> Connection: Keep-Alive
13:37:21.113 [pool-1-thread-1] DEBUG org.apache.http.headers - >> User-Agent: Apache-HttpClient/4.5.5 (Java/1.8.0_211)
13:37:21.113 [pool-1-thread-1] DEBUG org.apache.http.headers - >> Accept-Encoding: gzip,deflate
13:37:21.114 [pool-1-thread-1] DEBUG org.apache.http.wire -  >> "originPlace=MEL-sky&destinationPlace=SYD-sky&inboundDate=2019-12-20&outboundDate=2019-12-01&cabinClass=business&adults=1&country=AU&currency=AUD&locale=en-US"
13:37:22.229 [pool-1-thread-1] DEBUG org.apache.http.wire -  << "HTTP/1.1 403 Forbidden[\r][\n]"
13:37:22.229 [pool-1-thread-1] DEBUG org.apache.http.wire -  << "Cache-Control: private[\r][\n]"
13:37:22.229 [pool-1-thread-1] DEBUG org.apache.http.wire -  << "Content-Type: application/json[\r][\n]"
13:37:22.230 [pool-1-thread-1] DEBUG org.apache.http.wire -  << "Date: Mon, 25 Nov 2019 02:37:22 GMT[\r][\n]"
13:37:22.230 [pool-1-thread-1] DEBUG org.apache.http.wire -  << "Server: RapidAPI-1.0.32[\r][\n]"
13:37:22.230 [pool-1-thread-1] DEBUG org.apache.http.wire -  << "X-RapidAPI-Region: AWS - ap-southeast-2[\r][\n]"
13:37:22.230 [pool-1-thread-1] DEBUG org.apache.http.wire -  << "X-RapidAPI-Version: 1.0.32[\r][\n]"
13:37:22.230 [pool-1-thread-1] DEBUG org.apache.http.wire -  << "Content-Length: 76[\r][\n]"
13:37:22.230 [pool-1-thread-1] DEBUG org.apache.http.wire -  << "Connection: keep-alive[\r][\n]"
13:37:22.230 [pool-1-thread-1] DEBUG org.apache.http.wire -  << "[\r][\n]"
13:37:22.230 [pool-1-thread-1] DEBUG o.a.h.i.conn.DefaultClientConnection - Receiving response: HTTP/1.1 403 Forbidden
13:37:22.230 [pool-1-thread-1] DEBUG org.apache.http.headers - << HTTP/1.1 403 Forbidden
13:37:22.230 [pool-1-thread-1] DEBUG org.apache.http.headers - << Cache-Control: private
13:37:22.230 [pool-1-thread-1] DEBUG org.apache.http.headers - << Content-Type: application/json
13:37:22.230 [pool-1-thread-1] DEBUG org.apache.http.headers - << Date: Mon, 25 Nov 2019 02:37:22 GMT
13:37:22.230 [pool-1-thread-1] DEBUG org.apache.http.headers - << Server: RapidAPI-1.0.32
13:37:22.230 [pool-1-thread-1] DEBUG org.apache.http.headers - << X-RapidAPI-Region: AWS - ap-southeast-2
13:37:22.230 [pool-1-thread-1] DEBUG org.apache.http.headers - << X-RapidAPI-Version: 1.0.32
13:37:22.230 [pool-1-thread-1] DEBUG org.apache.http.headers - << Content-Length: 76
13:37:22.230 [pool-1-thread-1] DEBUG org.apache.http.headers - << Connection: keep-alive
13:37:22.231 [pool-1-thread-1] DEBUG o.a.h.impl.client.DefaultHttpClient - Connection can be kept alive indefinitely
13:37:22.231 [pool-1-thread-1] DEBUG i.r.i.RequestSpecificationImpl$RestAssuredHttpBuilder - Parsing response as: application/json
13:37:22.231 [pool-1-thread-1] DEBUG i.r.i.RequestSpecificationImpl$RestAssuredHttpBuilder - Parsed data to instance of: class org.apache.http.conn.EofSensorInputStream
13:37:22.233 [pool-1-thread-1] DEBUG org.apache.http.wire -  << "{"ValidationErrors":[{"ParameterName":"apikey","Message":"ApiKey invalid"}]}"
13:37:22.234 [pool-1-thread-1] DEBUG o.a.h.i.c.BasicClientConnectionManager - Releasing connection org.apache.http.impl.conn.ManagedClientConnectionImpl@422cb533
13:37:22.234 [pool-1-thread-1] DEBUG o.a.h.i.c.BasicClientConnectionManager - Connection can be kept alive indefinitely
13:37:22.238 [pool-1-thread-1] DEBUG n.t.core.steps.StepInterceptor - STEP FAILED: I try to search skyscanner with {0} origin {1} destination {2} inbounddate {3} outbounddate  {4} cabinclass {5} adults  - null
]]></system-out>
  </testcase>
  <testcase name="verifyThatUserCanPollSession_paramterized[1]" classname="com.test.rest.api.SerenityTest_SkyScanner" time="3.824">
    <error type="java.lang.NullPointerException">java.lang.NullPointerException
	at com.test.rest.api.SerenityTest_SkyScanner.verifyThatUserCanPollSession_paramterized(SerenityTest_SkyScanner.java:59)
</error>
    <system-out><![CDATA[13:37:18.244 [pool-1-thread-2] DEBUG n.thucydides.core.steps.StepEventBus - Test suite started for class com.test.rest.api.SerenityTest_SkyScanner
13:37:18.245 [pool-1-thread-2] INFO  n.t.c.steps.ConsoleLoggingListener - Test Suite Started: Serenity test sky scanner
13:37:18.246 [pool-1-thread-2] INFO  n.t.c.steps.ConsoleLoggingListener - 
 _____ _____ ____ _____   ____ _____  _    ____ _____ _____ ____  
|_   _| ____/ ___|_   _| / ___|_   _|/ \  |  _ \_   _| ____|  _ \ 
  | | |  _| \___ \ | |   \___ \ | | / _ \ | |_) || | |  _| | | | |
  | | | |___ ___) || |    ___) || |/ ___ \|  _ < | | | |___| |_| |
  |_| |_____|____/ |_|   |____/ |_/_/   \_\_| \_\|_| |_____|____/ 
                                                                  

TEST STARTED: verifyThatUserCanPollSession_paramterized[1]
-------------------------------------------------------------------
13:37:18.246 [pool-1-thread-2] INFO  net.serenitybdd.core.Serenity - TEST NUMBER: 2
13:37:18.290 [pool-1-thread-2] DEBUG n.t.core.steps.StepInterceptor - STARTING STEP: SerenityTest_SkyScanner.verifyThatUserCanPollSession_paramterized - I try to search skyscanner with {0} origin {1} destination {2} inbounddate {3} outbounddate  {4} cabinclass {5} adults 
13:37:20.764 [pool-1-thread-2] DEBUG o.a.h.i.c.BasicClientConnectionManager - Get connection for route {s}->https://skyscanner-skyscanner-flight-search-v1.p.rapidapi.com:443
13:37:20.790 [pool-1-thread-2] DEBUG o.a.h.i.c.DefaultClientConnectionOperator - Connecting to skyscanner-skyscanner-flight-search-v1.p.rapidapi.com:443
13:37:21.109 [pool-1-thread-2] DEBUG o.a.h.c.protocol.RequestAddCookies - CookieSpec selected: ignoreCookies
13:37:21.111 [pool-1-thread-2] DEBUG o.a.h.c.protocol.RequestAuthCache - Auth cache not set in the context
13:37:21.111 [pool-1-thread-2] DEBUG o.a.h.c.p.RequestTargetAuthentication - Target auth state: UNCHALLENGED
13:37:21.111 [pool-1-thread-2] DEBUG o.a.h.c.p.RequestProxyAuthentication - Proxy auth state: UNCHALLENGED
13:37:21.111 [pool-1-thread-2] DEBUG o.a.h.impl.client.DefaultHttpClient - Attempt 1 to execute request
13:37:21.112 [pool-1-thread-2] DEBUG o.a.h.i.conn.DefaultClientConnection - Sending request: POST /apiservices/pricing/v1.0 HTTP/1.1
13:37:21.112 [pool-1-thread-2] DEBUG org.apache.http.wire -  >> "POST /apiservices/pricing/v1.0 HTTP/1.1[\r][\n]"
13:37:21.113 [pool-1-thread-2] DEBUG org.apache.http.wire -  >> "Accept: */*[\r][\n]"
13:37:21.113 [pool-1-thread-2] DEBUG org.apache.http.wire -  >> "x-rapidapi-key: 1cf93091b1mshe1509d08adb1a40p13260ajsn8ef9df1068da[\r][\n]"
13:37:21.113 [pool-1-thread-2] DEBUG org.apache.http.wire -  >> "x-rapidapi-host: skyscanner-skyscanner-flight-search-v1.p.rapidapi.com[\r][\n]"
13:37:21.113 [pool-1-thread-2] DEBUG org.apache.http.wire -  >> "Content-Type: application/x-www-form-urlencoded; charset=UTF-8[\r][\n]"
13:37:21.113 [pool-1-thread-2] DEBUG org.apache.http.wire -  >> "Content-Length: 157[\r][\n]"
13:37:21.113 [pool-1-thread-2] DEBUG org.apache.http.wire -  >> "Host: skyscanner-skyscanner-flight-search-v1.p.rapidapi.com[\r][\n]"
13:37:21.113 [pool-1-thread-2] DEBUG org.apache.http.wire -  >> "Connection: Keep-Alive[\r][\n]"
13:37:21.113 [pool-1-thread-2] DEBUG org.apache.http.wire -  >> "User-Agent: Apache-HttpClient/4.5.5 (Java/1.8.0_211)[\r][\n]"
13:37:21.113 [pool-1-thread-2] DEBUG org.apache.http.wire -  >> "Accept-Encoding: gzip,deflate[\r][\n]"
13:37:21.113 [pool-1-thread-2] DEBUG org.apache.http.wire -  >> "[\r][\n]"
13:37:21.113 [pool-1-thread-2] DEBUG org.apache.http.headers - >> POST /apiservices/pricing/v1.0 HTTP/1.1
13:37:21.113 [pool-1-thread-2] DEBUG org.apache.http.headers - >> Accept: */*
13:37:21.113 [pool-1-thread-2] DEBUG org.apache.http.headers - >> x-rapidapi-key: 1cf93091b1mshe1509d08adb1a40p13260ajsn8ef9df1068da
13:37:21.113 [pool-1-thread-2] DEBUG org.apache.http.headers - >> x-rapidapi-host: skyscanner-skyscanner-flight-search-v1.p.rapidapi.com
13:37:21.113 [pool-1-thread-2] DEBUG org.apache.http.headers - >> Content-Type: application/x-www-form-urlencoded; charset=UTF-8
13:37:21.113 [pool-1-thread-2] DEBUG org.apache.http.headers - >> Content-Length: 157
13:37:21.113 [pool-1-thread-2] DEBUG org.apache.http.headers - >> Host: skyscanner-skyscanner-flight-search-v1.p.rapidapi.com
13:37:21.113 [pool-1-thread-2] DEBUG org.apache.http.headers - >> Connection: Keep-Alive
13:37:21.113 [pool-1-thread-2] DEBUG org.apache.http.headers - >> User-Agent: Apache-HttpClient/4.5.5 (Java/1.8.0_211)
13:37:21.113 [pool-1-thread-2] DEBUG org.apache.http.headers - >> Accept-Encoding: gzip,deflate
13:37:21.114 [pool-1-thread-2] DEBUG org.apache.http.wire -  >> "originPlace=MEL-sky&destinationPlace=SYD-sky&inboundDate=2019-12-21&outboundDate=2019-12-02&cabinClass=business&adults=2&country=AU&currency=AUD&locale=en-US"
13:37:21.950 [pool-1-thread-2] DEBUG org.apache.http.wire -  << "HTTP/1.1 403 Forbidden[\r][\n]"
13:37:21.954 [pool-1-thread-2] DEBUG org.apache.http.wire -  << "Cache-Control: private[\r][\n]"
13:37:21.954 [pool-1-thread-2] DEBUG org.apache.http.wire -  << "Content-Type: application/json[\r][\n]"
13:37:21.954 [pool-1-thread-2] DEBUG org.apache.http.wire -  << "Date: Mon, 25 Nov 2019 02:37:21 GMT[\r][\n]"
13:37:21.954 [pool-1-thread-2] DEBUG org.apache.http.wire -  << "Server: RapidAPI-1.0.32[\r][\n]"
13:37:21.955 [pool-1-thread-2] DEBUG org.apache.http.wire -  << "X-RapidAPI-Region: AWS - ap-southeast-2[\r][\n]"
13:37:21.955 [pool-1-thread-2] DEBUG org.apache.http.wire -  << "X-RapidAPI-Version: 1.0.32[\r][\n]"
13:37:21.955 [pool-1-thread-2] DEBUG org.apache.http.wire -  << "Content-Length: 76[\r][\n]"
13:37:21.955 [pool-1-thread-2] DEBUG org.apache.http.wire -  << "Connection: keep-alive[\r][\n]"
13:37:21.955 [pool-1-thread-2] DEBUG org.apache.http.wire -  << "[\r][\n]"
13:37:21.956 [pool-1-thread-2] DEBUG o.a.h.i.conn.DefaultClientConnection - Receiving response: HTTP/1.1 403 Forbidden
13:37:21.956 [pool-1-thread-2] DEBUG org.apache.http.headers - << HTTP/1.1 403 Forbidden
13:37:21.956 [pool-1-thread-2] DEBUG org.apache.http.headers - << Cache-Control: private
13:37:21.956 [pool-1-thread-2] DEBUG org.apache.http.headers - << Content-Type: application/json
13:37:21.956 [pool-1-thread-2] DEBUG org.apache.http.headers - << Date: Mon, 25 Nov 2019 02:37:21 GMT
13:37:21.956 [pool-1-thread-2] DEBUG org.apache.http.headers - << Server: RapidAPI-1.0.32
13:37:21.956 [pool-1-thread-2] DEBUG org.apache.http.headers - << X-RapidAPI-Region: AWS - ap-southeast-2
13:37:21.956 [pool-1-thread-2] DEBUG org.apache.http.headers - << X-RapidAPI-Version: 1.0.32
13:37:21.956 [pool-1-thread-2] DEBUG org.apache.http.headers - << Content-Length: 76
13:37:21.956 [pool-1-thread-2] DEBUG org.apache.http.headers - << Connection: keep-alive
13:37:21.961 [pool-1-thread-2] DEBUG o.a.h.impl.client.DefaultHttpClient - Connection can be kept alive indefinitely
13:37:21.976 [pool-1-thread-2] DEBUG i.r.i.RequestSpecificationImpl$RestAssuredHttpBuilder - Parsing response as: application/json
13:37:21.976 [pool-1-thread-2] DEBUG i.r.i.RequestSpecificationImpl$RestAssuredHttpBuilder - Parsed data to instance of: class org.apache.http.conn.EofSensorInputStream
13:37:22.009 [pool-1-thread-2] DEBUG org.apache.http.wire -  << "{"ValidationErrors":[{"ParameterName":"apikey","Message":"ApiKey invalid"}]}"
13:37:22.010 [pool-1-thread-2] DEBUG o.a.h.i.c.BasicClientConnectionManager - Releasing connection org.apache.http.impl.conn.ManagedClientConnectionImpl@2ad210c2
13:37:22.010 [pool-1-thread-2] DEBUG o.a.h.i.c.BasicClientConnectionManager - Connection can be kept alive indefinitely
13:37:22.054 [pool-1-thread-2] DEBUG n.t.core.steps.StepInterceptor - STEP FAILED: I try to search skyscanner with {0} origin {1} destination {2} inbounddate {3} outbounddate  {4} cabinclass {5} adults  - null
]]></system-out>
  </testcase>
</testsuite>