<?xml version="1.0" encoding="UTF-8"?>
<testsuite xmlns:xsi="http://www.w3.org/2001/XMLSchema-instance" xsi:noNamespaceSchemaLocation="https://maven.apache.org/surefire/maven-failsafe-plugin/xsd/failsafe-test-report.xsd" name="com.test.rest.api.SerenityTest" time="14.417" tests="3" errors="0" skipped="0" failures="3">
  <properties>
[...]
</properties>
  <testcase name="verifyThatUserCanQueryCurrentWeatherWithPostCode" classname="com.test.rest.api.SerenityTest" time="6.468">
    <failure message="1 expectation failed.&#10;JSON path data[0].weather.description doesn&apos;t match.&#10;Expected: is &quot;Clear sky&quot;&#10;  Actual: Overcast clouds&#10;" type="java.lang.AssertionError">java.lang.AssertionError: 
1 expectation failed.
JSON path data[0].weather.description doesn't match.
Expected: is "Clear sky"
  Actual: Overcast clouds

	at com.test.rest.api.SerenityTest.verifyThatUserCanQueryCurrentWeatherWithPostCode(SerenityTest.java:21)
</failure>
    <system-out><![CDATA[07:42:22.692 [pool-1-thread-1] INFO  n.t.c.steps.ConsoleLoggingListener - 

-------------------------------------------------------------------------------------
     _______. _______ .______       _______ .__   __.  __  .___________.____    ____ 
    /       ||   ____||   _  \     |   ____||  \ |  | |  | |           |\   \  /   / 
   |   (----`|  |__   |  |_)  |    |  |__   |   \|  | |  | `---|  |----` \   \/   /  
    \   \    |   __|  |      /     |   __|  |  . `  | |  |     |  |       \_    _/   
.----)   |   |  |____ |  |\  \----.|  |____ |  |\   | |  |     |  |         |  |     
|_______/    |_______|| _| `._____||_______||__| \__| |__|     |__|         |__|    
                                                                                     
 News and tutorials at http://www.serenity-bdd.info                                  
 Documentation at https://wakaleo.gitbooks.io/the-serenity-book/content/             
 Join the Serenity Community on Rocket Chat at https://serenity-bdd.rocket.chat      
 Serenity BDD Support and Training at http://serenity-bdd.info/#/trainingandsupport  
 Learn Serenity BDD online at http://serenity-dojo.com                               
-------------------------------------------------------------------------------------

07:42:29.308 [pool-1-thread-1] DEBUG n.t.core.requirements.RootDirectory - Resource directories found in /QE_API_CHALLENGE-master in 1 ms: []
07:42:29.334 [pool-1-thread-1] ERROR n.t.c.steps.ConsoleLoggingListener - 
           __  _____ _____ ____ _____   _____ _    ___ _     _____ ____  
  _       / / |_   _| ____/ ___|_   _| |  ___/ \  |_ _| |   | ____|  _ \ 
 (_)_____| |    | | |  _| \___ \ | |   | |_ / _ \  | || |   |  _| | | | |
  _|_____| |    | | | |___ ___) || |   |  _/ ___ \ | || |___| |___| |_| |
 (_)     | |    |_| |_____|____/ |_|   |_|/_/   \_\___|_____|_____|____/ 
          \_\                                                            

TEST FAILED: Verify that user can query current weather with post code
--------------------------------------------------------------------------
07:42:29.337 [pool-1-thread-1] DEBUG n.t.c.steps.ConsoleLoggingListener - RELATED ISSUES: 
07:42:29.444 [pool-1-thread-1] ERROR n.t.c.steps.ConsoleLoggingListener - TEST FAILED AT STEP I should find weather: Clear sky
07:42:29.445 [pool-1-thread-1] ERROR n.t.c.steps.ConsoleLoggingListener - 1 expectation failed.JSON path data[0].weather.description doesn't match.Expected: is "Clear sky"  Actual: Overcast clouds
07:42:34.386 [pool-1-thread-1] ERROR n.t.c.steps.ConsoleLoggingListener - 
           __  _____ _____ ____ _____   _____ _    ___ _     _____ ____  
  _       / / |_   _| ____/ ___|_   _| |  ___/ \  |_ _| |   | ____|  _ \ 
 (_)_____| |    | | |  _| \___ \ | |   | |_ / _ \  | || |   |  _| | | | |
  _|_____| |    | | | |___ ___) || |   |  _/ ___ \ | || |___| |___| |_| |
 (_)     | |    |_| |_____|____/ |_|   |_|/_/   \_\___|_____|_____|____/ 
          \_\                                                            

TEST FAILED: Verify that user can query current weather with location
--------------------------------------------------------------------------
07:42:34.386 [pool-1-thread-1] DEBUG n.t.c.steps.ConsoleLoggingListener - RELATED ISSUES: 
07:42:34.387 [pool-1-thread-1] ERROR n.t.c.steps.ConsoleLoggingListener - TEST FAILED AT STEP I should find weather: Scattered clouds
07:42:34.387 [pool-1-thread-1] ERROR n.t.c.steps.ConsoleLoggingListener - 1 expectation failed.JSON path data[0].weather.description doesn't match.Expected: is "Scattered clouds"  Actual: Overcast clouds
07:42:37.238 [pool-1-thread-1] ERROR n.t.c.steps.ConsoleLoggingListener - 
           __  _____ _____ ____ _____   _____ _    ___ _     _____ ____  
  _       / / |_   _| ____/ ___|_   _| |  ___/ \  |_ _| |   | ____|  _ \ 
 (_)_____| |    | | |  _| \___ \ | |   | |_ / _ \  | || |   |  _| | | | |
  _|_____| |    | | | |___ ___) || |   |  _/ ___ \ | || |___| |___| |_| |
 (_)     | |    |_| |_____|____/ |_|   |_|/_/   \_\___|_____|_____|____/ 
          \_\                                                            

TEST FAILED: Verify that user can query current weather with post code negative test
--------------------------------------------------------------------------
07:42:37.238 [pool-1-thread-1] DEBUG n.t.c.steps.ConsoleLoggingListener - RELATED ISSUES: 
07:42:37.238 [pool-1-thread-1] ERROR n.t.c.steps.ConsoleLoggingListener - TEST FAILED AT STEP then I should get status code 400
07:42:37.238 [pool-1-thread-1] ERROR n.t.c.steps.ConsoleLoggingListener - 1 expectation failed.Expected status code <400> but was <200>.
07:42:37.243 [pool-1-thread-1] DEBUG n.t.core.reports.ReportService - Reporting formats: [JSON, HTML]
07:42:37.299 [pool-1-thread-1] DEBUG n.t.core.reports.ReportService - Reporting formats: [JSON, HTML]
07:42:37.309 [pool-1-thread-1] DEBUG n.t.core.reports.ReportService - Generating reports for 3 test outcomes using: net.thucydides.core.reports.json.JSONTestOutcomeReporter@55046caa
07:42:37.310 [pool-1-thread-1] DEBUG n.t.core.reports.ReportService - Processing test outcome Serenity test:verifyThatUserCanQueryCurrentWeatherWithPostCode
07:42:37.310 [pool-1-thread-2] DEBUG n.t.core.reports.ReportService - Processing test outcome Serenity test:verifyThatUserCanQueryCurrentWeatherWithLocation
07:42:37.310 [pool-1-thread-1] DEBUG n.t.core.reports.ReportService - net.thucydides.core.reports.json.JSONTestOutcomeReporter@55046caa: Generating report for test outcome: Serenity test:verifyThatUserCanQueryCurrentWeatherWithPostCode
07:42:37.310 [pool-1-thread-3] DEBUG n.t.core.reports.ReportService - Processing test outcome Serenity test:verifyThatUserCanQueryCurrentWeatherWithPostCode_negativeTest
07:42:37.310 [pool-1-thread-3] DEBUG n.t.core.reports.ReportService - net.thucydides.core.reports.json.JSONTestOutcomeReporter@55046caa: Generating report for test outcome: Serenity test:verifyThatUserCanQueryCurrentWeatherWithPostCode_negativeTest
07:42:37.310 [pool-1-thread-2] DEBUG n.t.core.reports.ReportService - net.thucydides.core.reports.json.JSONTestOutcomeReporter@55046caa: Generating report for test outcome: Serenity test:verifyThatUserCanQueryCurrentWeatherWithLocation
07:42:37.319 [pool-1-thread-3] DEBUG n.t.c.r.json.JSONTestOutcomeReporter - Generating JSON report for Verify that user can query current weather with post code negative test to file /QE_API_CHALLENGE-master/target/site/serenity/995c8b23eef49a01612f502d06e3f443d29c96dbf7ae028df023ca2031a414ef.json (using temp file /QE_API_CHALLENGE-master/target/site/serenity/995c8b23eef49a01612f502d06e3f443d29c96dbf7ae028df023ca2031a414ef.jsonb368be5b-d53e-498c-aaf4-79e653c94ebe)
07:42:37.319 [pool-1-thread-2] DEBUG n.t.c.r.json.JSONTestOutcomeReporter - Generating JSON report for Verify that user can query current weather with location to file /QE_API_CHALLENGE-master/target/site/serenity/a4152c143b02ed74d34a05b6593d6d3def1bd17e0eff9aaf250df4d40ade291f.json (using temp file /QE_API_CHALLENGE-master/target/site/serenity/a4152c143b02ed74d34a05b6593d6d3def1bd17e0eff9aaf250df4d40ade291f.jsondf681ad4-e2d7-4b53-9496-c2e69f6b8b04)
07:42:37.319 [pool-1-thread-1] DEBUG n.t.c.r.json.JSONTestOutcomeReporter - Generating JSON report for Verify that user can query current weather with post code to file /QE_API_CHALLENGE-master/target/site/serenity/47d136cdb2b7bf9a9e39ff590f9283a2874da9079f82c8ea84ccd35e3e5b02a6.json (using temp file /QE_API_CHALLENGE-master/target/site/serenity/47d136cdb2b7bf9a9e39ff590f9283a2874da9079f82c8ea84ccd35e3e5b02a6.json51c0e2ba-3d0e-47a5-a608-2ddd7308465c)
07:42:37.371 [pool-1-thread-3] DEBUG n.t.core.reports.ReportService - Processing test outcome Serenity test:verifyThatUserCanQueryCurrentWeatherWithPostCode_negativeTest done
07:42:37.372 [pool-1-thread-1] DEBUG n.t.core.reports.ReportService - Processing test outcome Serenity test:verifyThatUserCanQueryCurrentWeatherWithPostCode done
07:42:37.372 [pool-1-thread-2] DEBUG n.t.core.reports.ReportService - Processing test outcome Serenity test:verifyThatUserCanQueryCurrentWeatherWithLocation done
07:42:37.372 [pool-1-thread-1] DEBUG n.t.core.reports.ReportService - Shutting down executor service
07:42:37.373 [pool-1-thread-1] DEBUG n.t.core.reports.ReportService - Reports generated in: 64 ms
07:42:37.373 [pool-1-thread-1] DEBUG n.t.core.reports.ReportService - Generating reports for 3 test outcomes using: net.thucydides.core.reports.html.HtmlAcceptanceTestReporter@466b58a4
07:42:37.373 [pool-2-thread-1] DEBUG n.t.core.reports.ReportService - Processing test outcome Serenity test:verifyThatUserCanQueryCurrentWeatherWithPostCode
07:42:37.373 [pool-2-thread-2] DEBUG n.t.core.reports.ReportService - Processing test outcome Serenity test:verifyThatUserCanQueryCurrentWeatherWithLocation
07:42:37.373 [pool-2-thread-1] DEBUG n.t.core.reports.ReportService - net.thucydides.core.reports.html.HtmlAcceptanceTestReporter@466b58a4: Generating report for test outcome: Serenity test:verifyThatUserCanQueryCurrentWeatherWithPostCode
07:42:37.373 [pool-2-thread-3] DEBUG n.t.core.reports.ReportService - Processing test outcome Serenity test:verifyThatUserCanQueryCurrentWeatherWithPostCode_negativeTest
07:42:37.374 [pool-2-thread-3] DEBUG n.t.core.reports.ReportService - net.thucydides.core.reports.html.HtmlAcceptanceTestReporter@466b58a4: Generating report for test outcome: Serenity test:verifyThatUserCanQueryCurrentWeatherWithPostCode_negativeTest
07:42:37.373 [pool-2-thread-2] DEBUG n.t.core.reports.ReportService - net.thucydides.core.reports.html.HtmlAcceptanceTestReporter@466b58a4: Generating report for test outcome: Serenity test:verifyThatUserCanQueryCurrentWeatherWithLocation
07:42:37.374 [pool-2-thread-1] DEBUG n.t.c.r.h.HtmlAcceptanceTestReporter - GENERATE TEST OUTCOME REPORT FOR verifyThatUserCanQueryCurrentWeatherWithPostCode in 47d136cdb2b7bf9a9e39ff590f9283a2874da9079f82c8ea84ccd35e3e5b02a6
07:42:37.374 [pool-2-thread-3] DEBUG n.t.c.r.h.HtmlAcceptanceTestReporter - GENERATE TEST OUTCOME REPORT FOR verifyThatUserCanQueryCurrentWeatherWithPostCode_negativeTest in 995c8b23eef49a01612f502d06e3f443d29c96dbf7ae028df023ca2031a414ef
07:42:37.374 [pool-2-thread-2] DEBUG n.t.c.r.h.HtmlAcceptanceTestReporter - GENERATE TEST OUTCOME REPORT FOR verifyThatUserCanQueryCurrentWeatherWithLocation in a4152c143b02ed74d34a05b6593d6d3def1bd17e0eff9aaf250df4d40ade291f
07:42:37.385 [pool-2-thread-1] DEBUG n.t.c.r.RequirementsTagProvider -  found:[]
07:42:37.385 [pool-2-thread-3] DEBUG n.t.c.r.RequirementsTagProvider -  found:[]
07:42:37.385 [pool-2-thread-2] DEBUG n.t.c.r.RequirementsTagProvider -  found:[]
07:42:37.393 [pool-2-thread-2] DEBUG n.t.c.r.RequirementsTagProvider -  found:[]
07:42:37.393 [pool-2-thread-1] DEBUG n.t.c.r.RequirementsTagProvider -  found:[]
07:42:37.393 [pool-2-thread-3] DEBUG n.t.c.r.RequirementsTagProvider -  found:[]
07:42:37.475 [pool-2-thread-1] DEBUG n.t.c.r.h.HtmlAcceptanceTestReporter - GENERATING HTML REPORT FOR Serenity test:verifyThatUserCanQueryCurrentWeatherWithPostCode in 47d136cdb2b7bf9a9e39ff590f9283a2874da9079f82c8ea84ccd35e3e5b02a6.html in directory target/site/serenity  
07:42:37.475 [pool-2-thread-3] DEBUG n.t.c.r.h.HtmlAcceptanceTestReporter - GENERATING HTML REPORT FOR Serenity test:verifyThatUserCanQueryCurrentWeatherWithPostCode_negativeTest in 995c8b23eef49a01612f502d06e3f443d29c96dbf7ae028df023ca2031a414ef.html in directory target/site/serenity  
07:42:37.475 [pool-2-thread-2] DEBUG n.t.c.r.h.HtmlAcceptanceTestReporter - GENERATING HTML REPORT FOR Serenity test:verifyThatUserCanQueryCurrentWeatherWithLocation in a4152c143b02ed74d34a05b6593d6d3def1bd17e0eff9aaf250df4d40ade291f.html in directory target/site/serenity  
07:42:37.477 [pool-2-thread-1] DEBUG n.t.c.r.h.HtmlAcceptanceTestReporter - Generating report in 47d136cdb2b7bf9a9e39ff590f9283a2874da9079f82c8ea84ccd35e3e5b02a6.html
07:42:37.477 [pool-2-thread-2] DEBUG n.t.c.r.h.HtmlAcceptanceTestReporter - Generating report in a4152c143b02ed74d34a05b6593d6d3def1bd17e0eff9aaf250df4d40ade291f.html
07:42:37.477 [pool-2-thread-3] DEBUG n.t.c.r.h.HtmlAcceptanceTestReporter - Generating report in 995c8b23eef49a01612f502d06e3f443d29c96dbf7ae028df023ca2031a414ef.html
07:42:37.827 [pool-2-thread-1] DEBUG n.t.c.r.h.HtmlAcceptanceTestReporter - Generated report 47d136cdb2b7bf9a9e39ff590f9283a2874da9079f82c8ea84ccd35e3e5b02a6.html in 350 ms
07:42:37.828 [pool-2-thread-1] DEBUG n.t.core.reports.ReportService - Processing test outcome Serenity test:verifyThatUserCanQueryCurrentWeatherWithPostCode done
07:42:37.828 [pool-2-thread-3] DEBUG n.t.c.r.h.HtmlAcceptanceTestReporter - Generated report 995c8b23eef49a01612f502d06e3f443d29c96dbf7ae028df023ca2031a414ef.html in 351 ms
07:42:37.828 [pool-2-thread-3] DEBUG n.t.core.reports.ReportService - Processing test outcome Serenity test:verifyThatUserCanQueryCurrentWeatherWithPostCode_negativeTest done
07:42:37.830 [pool-2-thread-2] DEBUG n.t.c.r.h.HtmlAcceptanceTestReporter - Generated report a4152c143b02ed74d34a05b6593d6d3def1bd17e0eff9aaf250df4d40ade291f.html in 353 ms
07:42:37.830 [pool-2-thread-2] DEBUG n.t.core.reports.ReportService - Processing test outcome Serenity test:verifyThatUserCanQueryCurrentWeatherWithLocation done
07:42:37.830 [pool-1-thread-1] DEBUG n.t.core.reports.ReportService - Shutting down executor service
07:42:37.830 [pool-1-thread-1] DEBUG n.t.core.reports.ReportService - Reports generated in: 457 ms
07:42:37.975 [pool-1-thread-1] DEBUG n.t.core.reports.ReportService - Generating report for configuration
07:42:22.820 [pool-1-thread-1] DEBUG n.thucydides.core.steps.StepEventBus - Test suite started for class com.test.rest.api.SerenityTest
07:42:22.832 [pool-1-thread-1] INFO  n.t.c.steps.ConsoleLoggingListener - Test Suite Started: Serenity test
07:42:22.873 [pool-1-thread-1] DEBUG n.t.core.requirements.RootDirectory - Resource directories found in  in 10 ms: []
07:42:22.882 [pool-1-thread-1] INFO  n.t.c.steps.ConsoleLoggingListener - 
 _____ _____ ____ _____   ____ _____  _    ____ _____ _____ ____  
|_   _| ____/ ___|_   _| / ___|_   _|/ \  |  _ \_   _| ____|  _ \ 
  | | |  _| \___ \ | |   \___ \ | | / _ \ | |_) || | |  _| | | | |
  | | | |___ ___) || |    ___) || |/ ___ \|  _ < | | | |___| |_| |
  |_| |_____|____/ |_|   |____/ |_/_/   \_\_| \_\|_| |_____|____/ 
                                                                  

TEST STARTED: verifyThatUserCanQueryCurrentWeatherWithPostCode
-------------------------------------------------------------------
07:42:22.882 [pool-1-thread-1] INFO  net.serenitybdd.core.Serenity - TEST NUMBER: 1
07:42:22.935 [pool-1-thread-1] DEBUG n.t.core.steps.StepInterceptor - STARTING STEP: SerenityTest.verifyThatUserCanQueryCurrentWeatherWithPostCode - I try to search the weather with {0} post code
07:42:26.529 [pool-1-thread-1] DEBUG o.a.h.i.c.BasicClientConnectionManager - Get connection for route {s}->https://api.weatherbit.io:443
07:42:26.625 [pool-1-thread-1] DEBUG o.a.h.i.c.DefaultClientConnectionOperator - Connecting to api.weatherbit.io:443
07:42:27.957 [pool-1-thread-1] DEBUG o.a.h.c.protocol.RequestAddCookies - CookieSpec selected: ignoreCookies
07:42:27.958 [pool-1-thread-1] DEBUG o.a.h.c.protocol.RequestAuthCache - Auth cache not set in the context
07:42:27.958 [pool-1-thread-1] DEBUG o.a.h.c.p.RequestTargetAuthentication - Target auth state: UNCHALLENGED
07:42:27.959 [pool-1-thread-1] DEBUG o.a.h.c.p.RequestProxyAuthentication - Proxy auth state: UNCHALLENGED
07:42:27.959 [pool-1-thread-1] DEBUG o.a.h.impl.client.DefaultHttpClient - Attempt 1 to execute request
07:42:27.959 [pool-1-thread-1] DEBUG o.a.h.i.conn.DefaultClientConnection - Sending request: GET /v2.0/current?postal_code=2150&key=ff3d40689e234c448c6f9efc3c59cb10 HTTP/1.1
07:42:27.959 [pool-1-thread-1] DEBUG org.apache.http.wire -  >> "GET /v2.0/current?postal_code=2150&key=ff3d40689e234c448c6f9efc3c59cb10 HTTP/1.1[\r][\n]"
07:42:27.960 [pool-1-thread-1] DEBUG org.apache.http.wire -  >> "Accept: */*[\r][\n]"
07:42:27.960 [pool-1-thread-1] DEBUG org.apache.http.wire -  >> "Host: api.weatherbit.io[\r][\n]"
07:42:27.960 [pool-1-thread-1] DEBUG org.apache.http.wire -  >> "Connection: Keep-Alive[\r][\n]"
07:42:27.960 [pool-1-thread-1] DEBUG org.apache.http.wire -  >> "User-Agent: Apache-HttpClient/4.5.5 (Java/1.8.0_211)[\r][\n]"
07:42:27.960 [pool-1-thread-1] DEBUG org.apache.http.wire -  >> "Accept-Encoding: gzip,deflate[\r][\n]"
07:42:27.960 [pool-1-thread-1] DEBUG org.apache.http.wire -  >> "[\r][\n]"
07:42:27.960 [pool-1-thread-1] DEBUG org.apache.http.headers - >> GET /v2.0/current?postal_code=2150&key=ff3d40689e234c448c6f9efc3c59cb10 HTTP/1.1
07:42:27.960 [pool-1-thread-1] DEBUG org.apache.http.headers - >> Accept: */*
07:42:27.960 [pool-1-thread-1] DEBUG org.apache.http.headers - >> Host: api.weatherbit.io
07:42:27.960 [pool-1-thread-1] DEBUG org.apache.http.headers - >> Connection: Keep-Alive
07:42:27.960 [pool-1-thread-1] DEBUG org.apache.http.headers - >> User-Agent: Apache-HttpClient/4.5.5 (Java/1.8.0_211)
07:42:27.960 [pool-1-thread-1] DEBUG org.apache.http.headers - >> Accept-Encoding: gzip,deflate
07:42:28.283 [pool-1-thread-1] DEBUG org.apache.http.wire -  << "HTTP/1.1 200 OK[\r][\n]"
07:42:28.285 [pool-1-thread-1] DEBUG org.apache.http.wire -  << "Server: openresty/1.11.2.2[\r][\n]"
07:42:28.285 [pool-1-thread-1] DEBUG org.apache.http.wire -  << "Date: Fri, 22 Nov 2019 20:42:28 GMT[\r][\n]"
07:42:28.285 [pool-1-thread-1] DEBUG org.apache.http.wire -  << "Content-Type: application/json; charset=utf-8[\r][\n]"
07:42:28.285 [pool-1-thread-1] DEBUG org.apache.http.wire -  << "Transfer-Encoding: chunked[\r][\n]"
07:42:28.285 [pool-1-thread-1] DEBUG org.apache.http.wire -  << "X-RateLimit-Limit: 500[\r][\n]"
07:42:28.285 [pool-1-thread-1] DEBUG org.apache.http.wire -  << "X-RateLimit-Remaining: 489[\r][\n]"
07:42:28.285 [pool-1-thread-1] DEBUG org.apache.http.wire -  << "X-RateLimit-Reset: 1574486497[\r][\n]"
07:42:28.285 [pool-1-thread-1] DEBUG org.apache.http.wire -  << "X-Proxy-Cache: MISS[\r][\n]"
07:42:28.285 [pool-1-thread-1] DEBUG org.apache.http.wire -  << "Access-Control-Allow-Origin: *[\r][\n]"
07:42:28.285 [pool-1-thread-1] DEBUG org.apache.http.wire -  << "Access-Control-Allow-Methods: GET, OPTIONS, POST[\r][\n]"
07:42:28.285 [pool-1-thread-1] DEBUG org.apache.http.wire -  << "Access-Control-Allow-Headers: DNT,X-CustomHeader,Keep-Alive,User-Agent,X-Requested-With,If-Modified-Since,Cache-Control,Content-Type,Content-Range,Range[\r][\n]"
07:42:28.285 [pool-1-thread-1] DEBUG org.apache.http.wire -  << "Access-Control-Expose-Headers: DNT,X-CustomHeader,Keep-Alive,User-Agent,X-Requested-With,If-Modified-Since,Cache-Control,Content-Type,Content-Range,Range[\r][\n]"
07:42:28.285 [pool-1-thread-1] DEBUG org.apache.http.wire -  << "X-Cache-Key: api.weatherbit.io/v2.0/current?postal_code=2150&key=ff3d40689e234c448c6f9efc3c59cb10[\r][\n]"
07:42:28.285 [pool-1-thread-1] DEBUG org.apache.http.wire -  << "Content-Encoding: gzip[\r][\n]"
07:42:28.285 [pool-1-thread-1] DEBUG org.apache.http.wire -  << "[\r][\n]"
07:42:28.286 [pool-1-thread-1] DEBUG o.a.h.i.conn.DefaultClientConnection - Receiving response: HTTP/1.1 200 OK
07:42:28.286 [pool-1-thread-1] DEBUG org.apache.http.headers - << HTTP/1.1 200 OK
07:42:28.286 [pool-1-thread-1] DEBUG org.apache.http.headers - << Server: openresty/1.11.2.2
07:42:28.286 [pool-1-thread-1] DEBUG org.apache.http.headers - << Date: Fri, 22 Nov 2019 20:42:28 GMT
07:42:28.286 [pool-1-thread-1] DEBUG org.apache.http.headers - << Content-Type: application/json; charset=utf-8
07:42:28.286 [pool-1-thread-1] DEBUG org.apache.http.headers - << Transfer-Encoding: chunked
07:42:28.286 [pool-1-thread-1] DEBUG org.apache.http.headers - << X-RateLimit-Limit: 500
07:42:28.286 [pool-1-thread-1] DEBUG org.apache.http.headers - << X-RateLimit-Remaining: 489
07:42:28.286 [pool-1-thread-1] DEBUG org.apache.http.headers - << X-RateLimit-Reset: 1574486497
07:42:28.286 [pool-1-thread-1] DEBUG org.apache.http.headers - << X-Proxy-Cache: MISS
07:42:28.286 [pool-1-thread-1] DEBUG org.apache.http.headers - << Access-Control-Allow-Origin: *
07:42:28.286 [pool-1-thread-1] DEBUG org.apache.http.headers - << Access-Control-Allow-Methods: GET, OPTIONS, POST
07:42:28.286 [pool-1-thread-1] DEBUG org.apache.http.headers - << Access-Control-Allow-Headers: DNT,X-CustomHeader,Keep-Alive,User-Agent,X-Requested-With,If-Modified-Since,Cache-Control,Content-Type,Content-Range,Range
07:42:28.286 [pool-1-thread-1] DEBUG org.apache.http.headers - << Access-Control-Expose-Headers: DNT,X-CustomHeader,Keep-Alive,User-Agent,X-Requested-With,If-Modified-Since,Cache-Control,Content-Type,Content-Range,Range
07:42:28.286 [pool-1-thread-1] DEBUG org.apache.http.headers - << X-Cache-Key: api.weatherbit.io/v2.0/current?postal_code=2150&key=ff3d40689e234c448c6f9efc3c59cb10
07:42:28.286 [pool-1-thread-1] DEBUG org.apache.http.headers - << Content-Encoding: gzip
07:42:28.291 [pool-1-thread-1] DEBUG o.a.h.impl.client.DefaultHttpClient - Connection can be kept alive indefinitely
07:42:28.306 [pool-1-thread-1] DEBUG i.r.i.RequestSpecificationImpl$RestAssuredHttpBuilder - Parsing response as: application/json; charset=utf-8
07:42:28.306 [pool-1-thread-1] DEBUG org.apache.http.wire -  << "1bd[\r][\n]"
07:42:28.306 [pool-1-thread-1] DEBUG org.apache.http.wire -  << "[0x1f][0x8b][0x8][0x0][0x0][0x0][0x0][0x0][0x0][0x3]mR[0xc1][0x8e][0xdb] [0x10][0xbd][0xf7]+"[0xce]6[0x5][0x8c][0x1d][0x9b][[0xd5]Ko[)[0xad]zh+[0x8b]5t[0x8d][0xca][0x82][0x17]p[0xac]4[0xca][0xbf]w [0x89][0xb6][0xd2][0xf6]b[0x99][0x99]yo[0xde][0xbc][0x99]3R2I$[0xbe][0x9f]Q[0x98][0x91][0xe8]H[0x85][0x16][0xaf][0x90]@[\n]"
07:42:28.307 [pool-1-thread-1] DEBUG org.apache.http.wire -  << "U[0xc8]z[0x87][0x4]m)&[0xa4][0xdb]C"[0xe8][0x8]oB([0x1e]*[0x94][0xcc][0xb3][0xfe][0xe3][0x9d][0x86][0xda][0xf]kLAZ#[0xbc]?[0x9c][0x94][0xd3]'[0xc0][0xfa][0xc7]1W@[0x96][0x11]:[0xd4][0x94][0xd6][0x8c][0xed][0x18][0x11][0x8c]Cr[0xf2][0xab]K[0xe1]4N^[0x15][0xfc][0xd7][0x1c][0xb3]~UW~ [0xcf]?[0xed][0x9e][0xf3][0x96]3[0xe][0xef][0xe8][0xad][0xc]c[0x90][0xa0][0x8c]3[0xcc]![0x90]d[0xd2]w<a[0x19]o[0xd2]it[0xb2][0xb4][0xfc]$C0q[0xf7]Y[0x86][0xdf][0x90][0xd9][0x8c]Sc\[0x0]Ka&[0x19][0xd3][0xf8]?q_[0x8a]8A[0xc8][0x1d]1)[0x13][0xc6]_[0xab][0xb5]P[0x16][0xfd][0x9a][0xe6][0xba]|7[0x1d][0xd3][0xbf]%[0x90]=[0x1c][0xbe]A$[0xda]%[0xab][0xa7]][0x85][0x8e][0x6][0xf4][0xb7][0x15][0x9a]G[0xe9][0x9e],[0xf4][0xa9];[0x8e][0x1b](Y][0xd4])+[0xee][0x5][0xcf]F(g[0xa0]p[0x18][0xf0][0x0][0xd5]Jo[0xb]$[0x87][0xec]nt~C[0x2]&_[0x8f]H4[0xb8][0xe3]}[0xcb][0xca][0x6]&[0xb3][0x94]x[0xe9]_[0xda]3[0xc2][\n]"
07:42:28.307 [pool-1-thread-1] DEBUG org.apache.http.wire -  << "3L[0x9c]'[0xa2]@[0x9d]gx[0x9a][0x81][0x9a]Q[0x8a]{[0xa0]S[0xf9][0xd1][0xed]1t[0x91]/[0xf0]K)[0xcb]V@[0xb7][0xba]ipO[0x7]X[0xef][0xa6]e[0x9a]5[0x10][0x9e][0x91][0x99][0xf2][0xe6][0xd1]Dx>[0x83][0x9b][0xcb]=)[0x8a]u[0x9c][0x82]Y[0x92])[0x15][0xf]G[0x1d]&ptw[0xdb][0xde][0xa5][0xca][0xf7][0xa4][0xdf][0x98][0xb]"[0x1][0x9b][0xf4]s[0xb6]h[0x8f][0xfb][0xeb][0x2][0xaf][0x1c][0x1f]iS[0x8e]B[}[0xbc][0xfb]E9[0xee]@[0xb6]\[0x96][0xf1][0x15]t[0xf9]y[0xbb][0x1c]x^[0xde][0xfd][0x5]$[0xda]l[0x8b][0xba][0x2][0x0][0x0]"
07:42:28.307 [pool-1-thread-1] DEBUG org.apache.http.wire -  << "[\r][\n]"
07:42:28.307 [pool-1-thread-1] DEBUG org.apache.http.wire -  << "0[\r][\n]"
07:42:28.307 [pool-1-thread-1] DEBUG org.apache.http.wire -  << "[\r][\n]"
07:42:28.307 [pool-1-thread-1] DEBUG i.r.i.RequestSpecificationImpl$RestAssuredHttpBuilder - Parsed data to instance of: class org.apache.http.conn.EofSensorInputStream
07:42:28.361 [pool-1-thread-1] DEBUG o.a.h.i.c.BasicClientConnectionManager - Releasing connection org.apache.http.impl.conn.ManagedClientConnectionImpl@61c258e6
07:42:28.361 [pool-1-thread-1] DEBUG o.a.h.i.c.BasicClientConnectionManager - Connection can be kept alive indefinitely
07:42:28.568 [pool-1-thread-1] DEBUG n.t.core.steps.StepInterceptor - STEP DONE: I try to search the weather with {0} post code
07:42:28.570 [pool-1-thread-1] DEBUG n.t.core.steps.StepInterceptor - STARTING STEP: SerenityTest.verifyThatUserCanQueryCurrentWeatherWithPostCode - then I should get status code {0}
07:42:28.633 [pool-1-thread-1] DEBUG n.t.core.steps.StepInterceptor - STEP DONE: then I should get status code {0}
07:42:28.640 [pool-1-thread-1] DEBUG n.t.core.steps.StepInterceptor - STARTING STEP: SerenityTest.verifyThatUserCanQueryCurrentWeatherWithPostCode - iShouldFindWeather
07:42:29.281 [pool-1-thread-1] DEBUG n.t.core.steps.StepInterceptor - STEP FAILED: iShouldFindWeather - 1 expectation failed.
JSON path data[0].weather.description doesn't match.
Expected: is "Clear sky"
  Actual: Overcast clouds

]]></system-out>
  </testcase>
  <testcase name="verifyThatUserCanQueryCurrentWeatherWithLocation" classname="com.test.rest.api.SerenityTest" time="4.932">
    <failure message="1 expectation failed.&#10;JSON path data[0].weather.description doesn&apos;t match.&#10;Expected: is &quot;Scattered clouds&quot;&#10;  Actual: Overcast clouds&#10;" type="java.lang.AssertionError">java.lang.AssertionError: 
1 expectation failed.
JSON path data[0].weather.description doesn't match.
Expected: is "Scattered clouds"
  Actual: Overcast clouds

	at com.test.rest.api.SerenityTest.verifyThatUserCanQueryCurrentWeatherWithLocation(SerenityTest.java:35)
</failure>
    <system-out><![CDATA[07:42:29.451 [pool-1-thread-1] INFO  n.t.c.steps.ConsoleLoggingListener - 
 _____ _____ ____ _____   ____ _____  _    ____ _____ _____ ____  
|_   _| ____/ ___|_   _| / ___|_   _|/ \  |  _ \_   _| ____|  _ \ 
  | | |  _| \___ \ | |   \___ \ | | / _ \ | |_) || | |  _| | | | |
  | | | |___ ___) || |    ___) || |/ ___ \|  _ < | | | |___| |_| |
  |_| |_____|____/ |_|   |____/ |_/_/   \_\_| \_\|_| |_____|____/ 
                                                                  

TEST STARTED: verifyThatUserCanQueryCurrentWeatherWithLocation
-------------------------------------------------------------------
07:42:29.451 [pool-1-thread-1] INFO  net.serenitybdd.core.Serenity - TEST NUMBER: 2
07:42:29.455 [pool-1-thread-1] DEBUG n.t.core.steps.StepInterceptor - STARTING STEP: SerenityTest.verifyThatUserCanQueryCurrentWeatherWithLocation - I try to search the weather with {0} latitude and {1} longitude
07:42:29.483 [pool-1-thread-1] DEBUG o.a.h.i.c.BasicClientConnectionManager - Get connection for route {s}->https://api.weatherbit.io:443
07:42:29.483 [pool-1-thread-1] DEBUG o.a.h.i.c.DefaultClientConnectionOperator - Connecting to api.weatherbit.io:443
07:42:30.662 [pool-1-thread-1] DEBUG o.a.h.c.protocol.RequestAddCookies - CookieSpec selected: ignoreCookies
07:42:30.662 [pool-1-thread-1] DEBUG o.a.h.c.protocol.RequestAuthCache - Auth cache not set in the context
07:42:30.663 [pool-1-thread-1] DEBUG o.a.h.c.p.RequestTargetAuthentication - Target auth state: UNCHALLENGED
07:42:30.663 [pool-1-thread-1] DEBUG o.a.h.c.p.RequestProxyAuthentication - Proxy auth state: UNCHALLENGED
07:42:30.663 [pool-1-thread-1] DEBUG o.a.h.impl.client.DefaultHttpClient - Attempt 1 to execute request
07:42:30.663 [pool-1-thread-1] DEBUG o.a.h.i.conn.DefaultClientConnection - Sending request: GET /v2.0/current?lat=78.25&lon=38&key=ff3d40689e234c448c6f9efc3c59cb10 HTTP/1.1
07:42:30.663 [pool-1-thread-1] DEBUG org.apache.http.wire -  >> "GET /v2.0/current?lat=78.25&lon=38&key=ff3d40689e234c448c6f9efc3c59cb10 HTTP/1.1[\r][\n]"
07:42:30.663 [pool-1-thread-1] DEBUG org.apache.http.wire -  >> "Accept: */*[\r][\n]"
07:42:30.663 [pool-1-thread-1] DEBUG org.apache.http.wire -  >> "Host: api.weatherbit.io[\r][\n]"
07:42:30.663 [pool-1-thread-1] DEBUG org.apache.http.wire -  >> "Connection: Keep-Alive[\r][\n]"
07:42:30.663 [pool-1-thread-1] DEBUG org.apache.http.wire -  >> "User-Agent: Apache-HttpClient/4.5.5 (Java/1.8.0_211)[\r][\n]"
07:42:30.663 [pool-1-thread-1] DEBUG org.apache.http.wire -  >> "Accept-Encoding: gzip,deflate[\r][\n]"
07:42:30.663 [pool-1-thread-1] DEBUG org.apache.http.wire -  >> "[\r][\n]"
07:42:30.663 [pool-1-thread-1] DEBUG org.apache.http.headers - >> GET /v2.0/current?lat=78.25&lon=38&key=ff3d40689e234c448c6f9efc3c59cb10 HTTP/1.1
07:42:30.664 [pool-1-thread-1] DEBUG org.apache.http.headers - >> Accept: */*
07:42:30.664 [pool-1-thread-1] DEBUG org.apache.http.headers - >> Host: api.weatherbit.io
07:42:30.664 [pool-1-thread-1] DEBUG org.apache.http.headers - >> Connection: Keep-Alive
07:42:30.664 [pool-1-thread-1] DEBUG org.apache.http.headers - >> User-Agent: Apache-HttpClient/4.5.5 (Java/1.8.0_211)
07:42:30.664 [pool-1-thread-1] DEBUG org.apache.http.headers - >> Accept-Encoding: gzip,deflate
07:42:34.355 [pool-1-thread-1] DEBUG org.apache.http.wire -  << "HTTP/1.1 200 OK[\r][\n]"
07:42:34.355 [pool-1-thread-1] DEBUG org.apache.http.wire -  << "Server: openresty/1.11.2.2[\r][\n]"
07:42:34.355 [pool-1-thread-1] DEBUG org.apache.http.wire -  << "Date: Fri, 22 Nov 2019 20:42:34 GMT[\r][\n]"
07:42:34.355 [pool-1-thread-1] DEBUG org.apache.http.wire -  << "Content-Type: application/json; charset=utf-8[\r][\n]"
07:42:34.355 [pool-1-thread-1] DEBUG org.apache.http.wire -  << "Transfer-Encoding: chunked[\r][\n]"
07:42:34.355 [pool-1-thread-1] DEBUG org.apache.http.wire -  << "X-RateLimit-Limit: 500[\r][\n]"
07:42:34.355 [pool-1-thread-1] DEBUG org.apache.http.wire -  << "X-RateLimit-Remaining: 486[\r][\n]"
07:42:34.355 [pool-1-thread-1] DEBUG org.apache.http.wire -  << "X-RateLimit-Reset: 1574486497[\r][\n]"
07:42:34.355 [pool-1-thread-1] DEBUG org.apache.http.wire -  << "X-Proxy-Cache: HIT[\r][\n]"
07:42:34.355 [pool-1-thread-1] DEBUG org.apache.http.wire -  << "Access-Control-Allow-Origin: *[\r][\n]"
07:42:34.355 [pool-1-thread-1] DEBUG org.apache.http.wire -  << "Access-Control-Allow-Methods: GET, OPTIONS, POST[\r][\n]"
07:42:34.356 [pool-1-thread-1] DEBUG org.apache.http.wire -  << "Access-Control-Allow-Headers: DNT,X-CustomHeader,Keep-Alive,User-Agent,X-Requested-With,If-Modified-Since,Cache-Control,Content-Type,Content-Range,Range[\r][\n]"
07:42:34.356 [pool-1-thread-1] DEBUG org.apache.http.wire -  << "Access-Control-Expose-Headers: DNT,X-CustomHeader,Keep-Alive,User-Agent,X-Requested-With,If-Modified-Since,Cache-Control,Content-Type,Content-Range,Range[\r][\n]"
07:42:34.356 [pool-1-thread-1] DEBUG org.apache.http.wire -  << "X-Cache-Key: api.weatherbit.io/v2.0/current?lat=78.25&lon=38&key=ff3d40689e234c448c6f9efc3c59cb10[\r][\n]"
07:42:34.356 [pool-1-thread-1] DEBUG org.apache.http.wire -  << "Content-Encoding: gzip[\r][\n]"
07:42:34.356 [pool-1-thread-1] DEBUG org.apache.http.wire -  << "[\r][\n]"
07:42:34.356 [pool-1-thread-1] DEBUG o.a.h.i.conn.DefaultClientConnection - Receiving response: HTTP/1.1 200 OK
07:42:34.356 [pool-1-thread-1] DEBUG org.apache.http.headers - << HTTP/1.1 200 OK
07:42:34.356 [pool-1-thread-1] DEBUG org.apache.http.headers - << Server: openresty/1.11.2.2
07:42:34.356 [pool-1-thread-1] DEBUG org.apache.http.headers - << Date: Fri, 22 Nov 2019 20:42:34 GMT
07:42:34.356 [pool-1-thread-1] DEBUG org.apache.http.headers - << Content-Type: application/json; charset=utf-8
07:42:34.356 [pool-1-thread-1] DEBUG org.apache.http.headers - << Transfer-Encoding: chunked
07:42:34.356 [pool-1-thread-1] DEBUG org.apache.http.headers - << X-RateLimit-Limit: 500
07:42:34.356 [pool-1-thread-1] DEBUG org.apache.http.headers - << X-RateLimit-Remaining: 486
07:42:34.356 [pool-1-thread-1] DEBUG org.apache.http.headers - << X-RateLimit-Reset: 1574486497
07:42:34.356 [pool-1-thread-1] DEBUG org.apache.http.headers - << X-Proxy-Cache: HIT
07:42:34.356 [pool-1-thread-1] DEBUG org.apache.http.headers - << Access-Control-Allow-Origin: *
07:42:34.356 [pool-1-thread-1] DEBUG org.apache.http.headers - << Access-Control-Allow-Methods: GET, OPTIONS, POST
07:42:34.356 [pool-1-thread-1] DEBUG org.apache.http.headers - << Access-Control-Allow-Headers: DNT,X-CustomHeader,Keep-Alive,User-Agent,X-Requested-With,If-Modified-Since,Cache-Control,Content-Type,Content-Range,Range
07:42:34.356 [pool-1-thread-1] DEBUG org.apache.http.headers - << Access-Control-Expose-Headers: DNT,X-CustomHeader,Keep-Alive,User-Agent,X-Requested-With,If-Modified-Since,Cache-Control,Content-Type,Content-Range,Range
07:42:34.356 [pool-1-thread-1] DEBUG org.apache.http.headers - << X-Cache-Key: api.weatherbit.io/v2.0/current?lat=78.25&lon=38&key=ff3d40689e234c448c6f9efc3c59cb10
07:42:34.356 [pool-1-thread-1] DEBUG org.apache.http.headers - << Content-Encoding: gzip
07:42:34.356 [pool-1-thread-1] DEBUG o.a.h.impl.client.DefaultHttpClient - Connection can be kept alive indefinitely
07:42:34.357 [pool-1-thread-1] DEBUG i.r.i.RequestSpecificationImpl$RestAssuredHttpBuilder - Parsing response as: application/json; charset=utf-8
07:42:34.357 [pool-1-thread-1] DEBUG org.apache.http.wire -  << "1b8[\r][\n]"
07:42:34.357 [pool-1-thread-1] DEBUG org.apache.http.wire -  << "[0x1f][0x8b][0x8][0x0][0x0][0x0][0x0][0x0][0x0][0x3]mR[0xdb][0xaa][0xdc] [0x14]}[0xef]W[0xc]>'[0xa9]:[0xa6][0x13]};[0xd0][0xc7]B[0xa1][0xed][0xa1][0xd0][0xb][0xe2]1v"x4U3C:[0xc][0xf4]7[0xfa]{[0xfd][0x92]n[0x9d][0xc][0x14][0xda]'e[0xb9][0xf6]Zk[0xef][0xed][0x5][0x8d]*+$>_P[0x9c][0x90][0x18]H[0x83][0xe6]0"[0x81]<j[0x90][0xb][0x1e][0x89][0xfd][0x0]P4[0x9][0x9][0x82][0xc9][0xd0]q`d[0xfb]l~[0x4]o[0x80][0xf6][0x10]u[0xb6][0xfa][0xcb][0xcb]7[0xc1][0x1f]W[0xa3][0xe2][0xd3]jJex[0x92][0x85][0x4][0x4][0x8a][0x9]o[0x9]i)[0xdd]Q,[0x18][0x85]G[0x1d][0x16][0x9f][0xe3]*u[0x18][0xb][0xe3][0xdd]c[0xc1]\X[0xc6][0xea][0x81]A[0xbf]\[0xfa][0x3]c}[0xbf][0xef][0xc1]/[0x5][0xa7][0xa2][0x8c][\n]"
07:42:34.357 [pool-1-thread-1] DEBUG org.apache.http.wire -  << "r[0xc1]k[0xca]*[0x9b]{1[0xe3][0xa5][0xd8][0xe6]UzU[0xfd]^+[0xf7][0xfb][0xe7]/oW[0xb3][0xfb]d[0x9c][0xf1]9[0xad][0xc0]8[?[0xca]4[0x83][0x0][0xeb]0#[0x94]As*e[0xf9][0xbf][0x9c][0x1f] '[0xed][0x5][0xc6][0xf7]:=[0xda]([0xbf]-[0xce][0x1]-[0x85]%Og[0x93][0xf2][0xdf][0x8f][0x80][0xbf][0xff][0x8]@r[0xf3]6[0xa5][0x3]o[0xd0][0xc9]B[0x1b][0x94]t[0x3]![0xfb][0x6]MR[0xf9][0xa3][0x3]'[0xf]B@]|2[0x19][\n]"
07:42:34.357 [pool-1-thread-1] DEBUG org.apache.http.wire -  << "9[0x17][0xbc][0xf4]0z[[0xbb][0x1b][0xcd]y[0x6][0xbc]}[0xd5]AQ[0xf2][0xe1]\[0xd1][0xe5]T[0xf][0xd8][0x83][0xb6]s[0xbd]V[0xf3][0xea]M[0x9][0xaf]z[0xd1][0xa6][0xd2][0x8][0xc6][0xb7][0xe8][0xc7]i[0x13][0xdc]N[0xf5][0xdd][0xde][0xcd][0x9d][0x2][0x87][0xc3][0xd0][0xd1][0x1e]t[0x8c][0xca][0x93][0x1][0x99][0xb][0xb2][0xba][0xec][0x1b]i[0xcc][0xca][\n]"
07:42:34.357 [pool-1-thread-1] DEBUG org.apache.http.wire -  << "[0xb7][0x1][0xf][0x98][0x95]t&[0xe9]h[0xe7]l+[0xe3][0xed][0xc9]D[\r][0xe3][0xdb]m[[0xbb]6[0xe5][0x17][0x99]&)h[0x9][0x92][0xcd]3Dn[0xf7][0x1d][0xbb][0xed][0xee][0xa6][0xf1][0xf0]8[0x90][0x1e]^aG[0xa7][0xfb]hZ[0xca];z[0x80][0xa8][0xf3],[0xb7]*[0x0][0xae]_[0xb7]/[0x3][0xb3][0xbd][0xbe][0xf8][0x3]_[0xc3]\[0x9d][0xb1][0x2][0x0][0x0]"
07:42:34.357 [pool-1-thread-1] DEBUG org.apache.http.wire -  << "[\r][\n]"
07:42:34.357 [pool-1-thread-1] DEBUG org.apache.http.wire -  << "0[\r][\n]"
07:42:34.357 [pool-1-thread-1] DEBUG org.apache.http.wire -  << "[\r][\n]"
07:42:34.358 [pool-1-thread-1] DEBUG i.r.i.RequestSpecificationImpl$RestAssuredHttpBuilder - Parsed data to instance of: class org.apache.http.conn.EofSensorInputStream
07:42:34.360 [pool-1-thread-1] DEBUG o.a.h.i.c.BasicClientConnectionManager - Releasing connection org.apache.http.impl.conn.ManagedClientConnectionImpl@14042ed0
07:42:34.360 [pool-1-thread-1] DEBUG o.a.h.i.c.BasicClientConnectionManager - Connection can be kept alive indefinitely
07:42:34.363 [pool-1-thread-1] DEBUG n.t.core.steps.StepInterceptor - STEP DONE: I try to search the weather with {0} latitude and {1} longitude
07:42:34.364 [pool-1-thread-1] DEBUG n.t.core.steps.StepInterceptor - STARTING STEP: SerenityTest.verifyThatUserCanQueryCurrentWeatherWithLocation - then I should get status code {0}
07:42:34.365 [pool-1-thread-1] DEBUG n.t.core.steps.StepInterceptor - STEP DONE: then I should get status code {0}
07:42:34.366 [pool-1-thread-1] DEBUG n.t.core.steps.StepInterceptor - STARTING STEP: SerenityTest.verifyThatUserCanQueryCurrentWeatherWithLocation - iShouldFindWeather
07:42:34.381 [pool-1-thread-1] DEBUG n.t.core.steps.StepInterceptor - STEP FAILED: iShouldFindWeather - 1 expectation failed.
JSON path data[0].weather.description doesn't match.
Expected: is "Scattered clouds"
  Actual: Overcast clouds

]]></system-out>
  </testcase>
  <testcase name="verifyThatUserCanQueryCurrentWeatherWithPostCode_negativeTest" classname="com.test.rest.api.SerenityTest" time="2.844">
    <failure message="1 expectation failed.&#10;Expected status code &lt;400&gt; but was &lt;200&gt;.&#10;" type="java.lang.AssertionError"><![CDATA[java.lang.AssertionError: 
1 expectation failed.
Expected status code <400> but was <200>.

	at com.test.rest.api.SerenityTest.verifyThatUserCanQueryCurrentWeatherWithPostCode_negativeTest(SerenityTest.java:27)
]]></failure>
    <system-out><![CDATA[07:42:34.393 [pool-1-thread-1] INFO  n.t.c.steps.ConsoleLoggingListener - 
 _____ _____ ____ _____   ____ _____  _    ____ _____ _____ ____  
|_   _| ____/ ___|_   _| / ___|_   _|/ \  |  _ \_   _| ____|  _ \ 
  | | |  _| \___ \ | |   \___ \ | | / _ \ | |_) || | |  _| | | | |
  | | | |___ ___) || |    ___) || |/ ___ \|  _ < | | | |___| |_| |
  |_| |_____|____/ |_|   |____/ |_/_/   \_\_| \_\|_| |_____|____/ 
                                                                  

TEST STARTED: verifyThatUserCanQueryCurrentWeatherWithPostCode_negativeTest
-------------------------------------------------------------------
07:42:34.393 [pool-1-thread-1] INFO  net.serenitybdd.core.Serenity - TEST NUMBER: 3
07:42:34.394 [pool-1-thread-1] DEBUG n.t.core.steps.StepInterceptor - STARTING STEP: SerenityTest.verifyThatUserCanQueryCurrentWeatherWithPostCode_negativeTest - I try to search the weather with {0} post code
07:42:34.406 [pool-1-thread-1] DEBUG o.a.h.i.c.BasicClientConnectionManager - Get connection for route {s}->https://api.weatherbit.io:443
07:42:34.406 [pool-1-thread-1] DEBUG o.a.h.i.c.DefaultClientConnectionOperator - Connecting to api.weatherbit.io:443
07:42:36.867 [pool-1-thread-1] DEBUG o.a.h.c.protocol.RequestAddCookies - CookieSpec selected: ignoreCookies
07:42:36.868 [pool-1-thread-1] DEBUG o.a.h.c.protocol.RequestAuthCache - Auth cache not set in the context
07:42:36.868 [pool-1-thread-1] DEBUG o.a.h.c.p.RequestTargetAuthentication - Target auth state: UNCHALLENGED
07:42:36.868 [pool-1-thread-1] DEBUG o.a.h.c.p.RequestProxyAuthentication - Proxy auth state: UNCHALLENGED
07:42:36.868 [pool-1-thread-1] DEBUG o.a.h.impl.client.DefaultHttpClient - Attempt 1 to execute request
07:42:36.868 [pool-1-thread-1] DEBUG o.a.h.i.conn.DefaultClientConnection - Sending request: GET /v2.0/current?postal_code=2150&key=ff3d40689e234c448c6f9efc3c59cb10 HTTP/1.1
07:42:36.868 [pool-1-thread-1] DEBUG org.apache.http.wire -  >> "GET /v2.0/current?postal_code=2150&key=ff3d40689e234c448c6f9efc3c59cb10 HTTP/1.1[\r][\n]"
07:42:36.868 [pool-1-thread-1] DEBUG org.apache.http.wire -  >> "Accept: */*[\r][\n]"
07:42:36.868 [pool-1-thread-1] DEBUG org.apache.http.wire -  >> "Host: api.weatherbit.io[\r][\n]"
07:42:36.868 [pool-1-thread-1] DEBUG org.apache.http.wire -  >> "Connection: Keep-Alive[\r][\n]"
07:42:36.868 [pool-1-thread-1] DEBUG org.apache.http.wire -  >> "User-Agent: Apache-HttpClient/4.5.5 (Java/1.8.0_211)[\r][\n]"
07:42:36.868 [pool-1-thread-1] DEBUG org.apache.http.wire -  >> "Accept-Encoding: gzip,deflate[\r][\n]"
07:42:36.869 [pool-1-thread-1] DEBUG org.apache.http.wire -  >> "[\r][\n]"
07:42:36.869 [pool-1-thread-1] DEBUG org.apache.http.headers - >> GET /v2.0/current?postal_code=2150&key=ff3d40689e234c448c6f9efc3c59cb10 HTTP/1.1
07:42:36.869 [pool-1-thread-1] DEBUG org.apache.http.headers - >> Accept: */*
07:42:36.869 [pool-1-thread-1] DEBUG org.apache.http.headers - >> Host: api.weatherbit.io
07:42:36.869 [pool-1-thread-1] DEBUG org.apache.http.headers - >> Connection: Keep-Alive
07:42:36.869 [pool-1-thread-1] DEBUG org.apache.http.headers - >> User-Agent: Apache-HttpClient/4.5.5 (Java/1.8.0_211)
07:42:36.869 [pool-1-thread-1] DEBUG org.apache.http.headers - >> Accept-Encoding: gzip,deflate
07:42:37.219 [pool-1-thread-1] DEBUG org.apache.http.wire -  << "HTTP/1.1 200 OK[\r][\n]"
07:42:37.219 [pool-1-thread-1] DEBUG org.apache.http.wire -  << "Server: openresty/1.11.2.2[\r][\n]"
07:42:37.219 [pool-1-thread-1] DEBUG org.apache.http.wire -  << "Date: Fri, 22 Nov 2019 20:42:37 GMT[\r][\n]"
07:42:37.219 [pool-1-thread-1] DEBUG org.apache.http.wire -  << "Content-Type: application/json; charset=utf-8[\r][\n]"
07:42:37.219 [pool-1-thread-1] DEBUG org.apache.http.wire -  << "Transfer-Encoding: chunked[\r][\n]"
07:42:37.219 [pool-1-thread-1] DEBUG org.apache.http.wire -  << "X-RateLimit-Limit: 500[\r][\n]"
07:42:37.220 [pool-1-thread-1] DEBUG org.apache.http.wire -  << "X-RateLimit-Remaining: 485[\r][\n]"
07:42:37.220 [pool-1-thread-1] DEBUG org.apache.http.wire -  << "X-RateLimit-Reset: 1574486497[\r][\n]"
07:42:37.220 [pool-1-thread-1] DEBUG org.apache.http.wire -  << "X-Proxy-Cache: HIT[\r][\n]"
07:42:37.220 [pool-1-thread-1] DEBUG org.apache.http.wire -  << "Access-Control-Allow-Origin: *[\r][\n]"
07:42:37.220 [pool-1-thread-1] DEBUG org.apache.http.wire -  << "Access-Control-Allow-Methods: GET, OPTIONS, POST[\r][\n]"
07:42:37.220 [pool-1-thread-1] DEBUG org.apache.http.wire -  << "Access-Control-Allow-Headers: DNT,X-CustomHeader,Keep-Alive,User-Agent,X-Requested-With,If-Modified-Since,Cache-Control,Content-Type,Content-Range,Range[\r][\n]"
07:42:37.220 [pool-1-thread-1] DEBUG org.apache.http.wire -  << "Access-Control-Expose-Headers: DNT,X-CustomHeader,Keep-Alive,User-Agent,X-Requested-With,If-Modified-Since,Cache-Control,Content-Type,Content-Range,Range[\r][\n]"
07:42:37.220 [pool-1-thread-1] DEBUG org.apache.http.wire -  << "X-Cache-Key: api.weatherbit.io/v2.0/current?postal_code=2150&key=ff3d40689e234c448c6f9efc3c59cb10[\r][\n]"
07:42:37.220 [pool-1-thread-1] DEBUG org.apache.http.wire -  << "Content-Encoding: gzip[\r][\n]"
07:42:37.220 [pool-1-thread-1] DEBUG org.apache.http.wire -  << "[\r][\n]"
07:42:37.220 [pool-1-thread-1] DEBUG o.a.h.i.conn.DefaultClientConnection - Receiving response: HTTP/1.1 200 OK
07:42:37.220 [pool-1-thread-1] DEBUG org.apache.http.headers - << HTTP/1.1 200 OK
07:42:37.220 [pool-1-thread-1] DEBUG org.apache.http.headers - << Server: openresty/1.11.2.2
07:42:37.220 [pool-1-thread-1] DEBUG org.apache.http.headers - << Date: Fri, 22 Nov 2019 20:42:37 GMT
07:42:37.220 [pool-1-thread-1] DEBUG org.apache.http.headers - << Content-Type: application/json; charset=utf-8
07:42:37.220 [pool-1-thread-1] DEBUG org.apache.http.headers - << Transfer-Encoding: chunked
07:42:37.220 [pool-1-thread-1] DEBUG org.apache.http.headers - << X-RateLimit-Limit: 500
07:42:37.220 [pool-1-thread-1] DEBUG org.apache.http.headers - << X-RateLimit-Remaining: 485
07:42:37.220 [pool-1-thread-1] DEBUG org.apache.http.headers - << X-RateLimit-Reset: 1574486497
07:42:37.221 [pool-1-thread-1] DEBUG org.apache.http.headers - << X-Proxy-Cache: HIT
07:42:37.221 [pool-1-thread-1] DEBUG org.apache.http.headers - << Access-Control-Allow-Origin: *
07:42:37.221 [pool-1-thread-1] DEBUG org.apache.http.headers - << Access-Control-Allow-Methods: GET, OPTIONS, POST
07:42:37.221 [pool-1-thread-1] DEBUG org.apache.http.headers - << Access-Control-Allow-Headers: DNT,X-CustomHeader,Keep-Alive,User-Agent,X-Requested-With,If-Modified-Since,Cache-Control,Content-Type,Content-Range,Range
07:42:37.221 [pool-1-thread-1] DEBUG org.apache.http.headers - << Access-Control-Expose-Headers: DNT,X-CustomHeader,Keep-Alive,User-Agent,X-Requested-With,If-Modified-Since,Cache-Control,Content-Type,Content-Range,Range
07:42:37.221 [pool-1-thread-1] DEBUG org.apache.http.headers - << X-Cache-Key: api.weatherbit.io/v2.0/current?postal_code=2150&key=ff3d40689e234c448c6f9efc3c59cb10
07:42:37.221 [pool-1-thread-1] DEBUG org.apache.http.headers - << Content-Encoding: gzip
07:42:37.221 [pool-1-thread-1] DEBUG o.a.h.impl.client.DefaultHttpClient - Connection can be kept alive indefinitely
07:42:37.221 [pool-1-thread-1] DEBUG i.r.i.RequestSpecificationImpl$RestAssuredHttpBuilder - Parsing response as: application/json; charset=utf-8
07:42:37.221 [pool-1-thread-1] DEBUG org.apache.http.wire -  << "1bd[\r][\n]"
07:42:37.221 [pool-1-thread-1] DEBUG org.apache.http.wire -  << "[0x1f][0x8b][0x8][0x0][0x0][0x0][0x0][0x0][0x0][0x3]mR[0xc1][0x8e][0xdb] [0x10][0xbd][0xf7]+"[0xce]6[0x5][0x8c][0x1d][0x9b][[0xd5]Ko[)[0xad]zh+[0x8b]5t[0x8d][0xca][0x82][0x17]p[0xac]4[0xca][0xbf]w [0x89][0xb6][0xd2][0xf6]b[0x99][0x99]yo[0xde][0xbc][0x99]3R2I$[0xbe][0x9f]Q[0x98][0x91][0xe8]H[0x85][0x16][0xaf][0x90]@[\n]"
07:42:37.222 [pool-1-thread-1] DEBUG org.apache.http.wire -  << "U[0xc8]z[0x87][0x4]m)&[0xa4][0xdb]C"[0xe8][0x8]oB([0x1e]*[0x94][0xcc][0xb3][0xfe][0xe3][0x9d][0x86][0xda][0xf]kLAZ#[0xbc]?[0x9c][0x94][0xd3]'[0xc0][0xfa][0xc7]1W@[0x96][0x11]:[0xd4][0x94][0xd6][0x8c][0xed][0x18][0x11][0x8c]Cr[0xf2][0xab]K[0xe1]4N^[0x15][0xfc][0xd7][0x1c][0xb3]~UW~ [0xcf]?[0xed][0x9e][0xf3][0x96]3[0xe][0xef][0xe8][0xad][0xc]c[0x90][0xa0][0x8c]3[0xcc]![0x90]d[0xd2]w<a[0x19]o[0xd2]it[0xb2][0xb4][0xfc]$C0q[0xf7]Y[0x86][0xdf][0x90][0xd9][0x8c]Sc\[0x0]Ka&[0x19][0xd3][0xf8]?q_[0x8a]8A[0xc8][0x1d]1)[0x13][0xc6]_[0xab][0xb5]P[0x16][0xfd][0x9a][0xe6][0xba]|7[0x1d][0xd3][0xbf]%[0x90]=[0x1c][0xbe]A$[0xda]%[0xab][0xa7]][0x85][0x8e][0x6][0xf4][0xb7][0x15][0x9a]G[0xe9][0x9e],[0xf4][0xa9];[0x8e][0x1b](Y][0xd4])+[0xee][0x5][0xcf]F(g[0xa0]p[0x18][0xf0][0x0][0xd5]Jo[0xb]$[0x87][0xec]nt~C[0x2]&_[0x8f]H4[0xb8][0xe3]}[0xcb][0xca][0x6]&[0xb3][0x94]x[0xe9]_[0xda]3[0xc2][\n]"
07:42:37.222 [pool-1-thread-1] DEBUG org.apache.http.wire -  << "3L[0x9c]'[0xa2]@[0x9d]gx[0x9a][0x81][0x9a]Q[0x8a]{[0xa0]S[0xf9][0xd1][0xed]1t[0x91]/[0xf0]K)[0xcb]V@[0xb7][0xba]ipO[0x7]X[0xef][0xa6]e[0x9a]5[0x10][0x9e][0x91][0x99][0xf2][0xe6][0xd1]Dx>[0x83][0x9b][0xcb]=)[0x8a]u[0x9c][0x82]Y[0x92])[0x15][0xf]G[0x1d]&ptw[0xdb][0xde][0xa5][0xca][0xf7][0xa4][0xdf][0x98][0xb]"[0x1][0x9b][0xf4]s[0xb6]h[0x8f][0xfb][0xeb][0x2][0xaf][0x1c][0x1f]iS[0x8e]B[}[0xbc][0xfb]E9[0xee]@[0xb6]\[0x96][0xf1][0x15]t[0xf9]y[0xbb][0x1c]x^[0xde][0xfd][0x5]$[0xda]l[0x8b][0xba][0x2][0x0][0x0]"
07:42:37.222 [pool-1-thread-1] DEBUG org.apache.http.wire -  << "[\r][\n]"
07:42:37.222 [pool-1-thread-1] DEBUG org.apache.http.wire -  << "0[\r][\n]"
07:42:37.222 [pool-1-thread-1] DEBUG org.apache.http.wire -  << "[\r][\n]"
07:42:37.222 [pool-1-thread-1] DEBUG i.r.i.RequestSpecificationImpl$RestAssuredHttpBuilder - Parsed data to instance of: class org.apache.http.conn.EofSensorInputStream
07:42:37.224 [pool-1-thread-1] DEBUG o.a.h.i.c.BasicClientConnectionManager - Releasing connection org.apache.http.impl.conn.ManagedClientConnectionImpl@2f3e2e79
07:42:37.224 [pool-1-thread-1] DEBUG o.a.h.i.c.BasicClientConnectionManager - Connection can be kept alive indefinitely
07:42:37.226 [pool-1-thread-1] DEBUG n.t.core.steps.StepInterceptor - STEP DONE: I try to search the weather with {0} post code
07:42:37.227 [pool-1-thread-1] DEBUG n.t.core.steps.StepInterceptor - STARTING STEP: SerenityTest.verifyThatUserCanQueryCurrentWeatherWithPostCode_negativeTest - then I should get status code {0}
07:42:37.232 [pool-1-thread-1] DEBUG n.t.core.steps.StepInterceptor - STEP FAILED: then I should get status code {0} - 1 expectation failed.
Expected status code <400> but was <200>.

]]></system-out>
  </testcase>
</testsuite>