<?xml version="1.0" encoding="UTF-8"?><testsuite errors="0" failures="1" name="com.test.rest.api.SerenityTest_lat_long" skipped="0" tests="2" time="6.2" timestamp="2019-11-23 03:51:41"><testcase classname="com.test.rest.api.SerenityTest_lat_long" name="Verify that user can query current weather with location paramterized"><failure message="1 expectation failed.&#10;JSON path data[0].weather.description doesn't match.&#10;Expected: is &quot;Few clouds&quot;&#10;  Actual: Overcast clouds&#10;" type="java.lang.AssertionError">1 expectation failed.
JSON path data[0].weather.description doesn't match.
Expected: is "Few clouds"
  Actual: Overcast clouds
</failure><system-err>1 expectation failed.
JSON path data[0].weather.description doesn't match.
Expected: is "Few clouds"
  Actual: Overcast clouds

io.restassured.internal.ResponseSpecificationImpl.validateResponseIfRequired(ResponseSpecificationImpl.groovy:656)
io.restassured.internal.ResponseSpecificationImpl.content(ResponseSpecificationImpl.groovy:277)
io.restassured.internal.ResponseSpecificationImpl.body(ResponseSpecificationImpl.groovy:260)
io.restassured.internal.ValidatableResponseOptionsImpl.body(ValidatableResponseOptionsImpl.java:274)
steps.GetCurrentWeatherSteps.iShouldFindWeather(GetCurrentWeatherSteps.java:35)
com.test.rest.api.SerenityTest_lat_long.verifyThatUserCanQueryCurrentWeatherWithLocation_paramterized(SerenityTest_lat_long.java:42)
</system-err></testcase></testsuite>