<?xml version="1.0" encoding="UTF-8"?><testsuite errors="2" failures="0" name="com.test.rest.api.SerenityTest_SkyScanner" skipped="0" tests="2" time="7.72" timestamp="2019-11-25 01:37:22"><testcase classname="com.test.rest.api.SerenityTest_SkyScanner" name="Verify that user can poll session paramterized"><error type="java.lang.NullPointerException"/><system-err>null
steps.SkyScannerSteps.postTwoLocations(SkyScannerSteps.java:29)
com.test.rest.api.SerenityTest_SkyScanner.verifyThatUserCanPollSession_paramterized(SerenityTest_SkyScanner.java:59)
</system-err></testcase></testsuite>